[INFO] 2021/04/01 13:39:29.185995 server.go:21: node 4 starting...
[DEBUG] 2021/04/01 13:39:29.186790 transport.go:129: start listening 3738
[INFO] 2021/04/01 13:39:29.188817 server.go:21: node 1 starting...
[INFO] 2021/04/01 13:39:29.188986 server.go:21: node 3 starting...
[INFO] 2021/04/01 13:39:29.190374 server.go:21: node 2 starting...
[INFO] 2021/04/01 13:39:29.190452 node.go:93: node 4 start running
[INFO] 2021/04/01 13:39:29.190532 http.go:47: http server starting on :8073
[DEBUG] 2021/04/01 13:39:29.190590 transport.go:129: start listening 3736
[DEBUG] 2021/04/01 13:39:29.192405 transport.go:129: start listening 3735
[INFO] 2021/04/01 13:39:29.193916 node.go:93: node 2 start running
[INFO] 2021/04/01 13:39:29.193998 http.go:47: http server starting on :8071
[INFO] 2021/04/01 13:39:29.194514 node.go:93: node 1 start running
[DEBUG] 2021/04/01 13:39:29.195221 transport.go:129: start listening 3737
[INFO] 2021/04/01 13:39:29.196062 node.go:93: node 3 start running
[INFO] 2021/04/01 13:39:29.196221 http.go:47: http server starting on :8072
[INFO] 2021/04/01 13:39:29.196452 http.go:47: http server starting on :8070
[DEBUG] 2021/04/01 13:39:30.342161 replica.go:303: [3] is boosting
[DEBUG] 2021/04/01 13:39:30.342636 replica.go:303: [1] is boosting
[DEBUG] 2021/04/01 13:39:30.349011 replica.go:303: [4] is boosting
[DEBUG] 2021/04/01 13:39:30.349109 replica.go:191: [4] is going to kick off the protocol
[DEBUG] 2021/04/01 13:39:30.344351 replica.go:303: [2] is boosting
[DEBUG] 2021/04/01 13:39:30.350172 replica.go:277: [4] the last view lasts 0 milliseconds, current view: 1
[DEBUG] 2021/04/01 13:39:30.350231 replica.go:223: [4] is processing new view: 1, leader is 4
[DEBUG] 2021/04/01 13:39:30.356872 hotstuff.go:55: [4] is processing block from 4, view: 1, id: f690644257a89e9506ac7a81e592e48612806bfddd042c6a2602629841920587
[DEBUG] 2021/04/01 13:39:30.356988 hotstuff.go:226: [4] is processing a QC, block id: 0000000000000000000000000000000000000000000000000000000000000000
[DEBUG] 2021/04/01 13:39:30.357197 hotstuff.go:107: [4] vote is sent to itself, id: f690644257a89e9506ac7a81e592e48612806bfddd042c6a2602629841920587
[DEBUG] 2021/04/01 13:39:30.357276 hotstuff.go:122: [4] is processing the vote, block id: f690644257a89e9506ac7a81e592e48612806bfddd042c6a2602629841920587
[DEBUG] 2021/04/01 13:39:30.357377 hotstuff.go:136: [4] not sufficient votes to build a QC, block id: f690644257a89e9506ac7a81e592e48612806bfddd042c6a2602629841920587
[DEBUG] 2021/04/01 13:39:30.358177 replica.go:133: [1] received a block from 4, view is 1, id: f690644257a89e9506ac7a81e592e48612806bfddd042c6a2602629841920587, prevID: 0000000000000000000000000000000000000000000000000000000000000000
