[INFO] 2021/04/01 14:10:40.041215 server.go:21: node 4 starting...
[INFO] 2021/04/01 14:10:40.041215 server.go:21: node 2 starting...
[DEBUG] 2021/04/01 14:10:40.041655 transport.go:129: start listening 3738
[INFO] 2021/04/01 14:10:40.041215 server.go:21: node 1 starting...
[INFO] 2021/04/01 14:10:40.041261 server.go:21: node 3 starting...
[DEBUG] 2021/04/01 14:10:40.041832 transport.go:129: start listening 3736
[DEBUG] 2021/04/01 14:10:40.041943 transport.go:129: start listening 3737
[DEBUG] 2021/04/01 14:10:40.041969 transport.go:129: start listening 3735
[INFO] 2021/04/01 14:10:40.043499 node.go:93: node 4 start running
[INFO] 2021/04/01 14:10:40.043603 http.go:47: http server starting on :8073
[INFO] 2021/04/01 14:10:40.043703 node.go:93: node 2 start running
[INFO] 2021/04/01 14:10:40.043760 http.go:47: http server starting on :8071
[INFO] 2021/04/01 14:10:40.045194 node.go:93: node 3 start running
[INFO] 2021/04/01 14:10:40.045268 http.go:47: http server starting on :8072
[INFO] 2021/04/01 14:10:40.045233 node.go:93: node 1 start running
[INFO] 2021/04/01 14:10:40.045468 http.go:47: http server starting on :8070
[DEBUG] 2021/04/01 14:10:41.472437 replica.go:284: [1] is boosting
[DEBUG] 2021/04/01 14:10:41.472436 replica.go:284: [4] is boosting
[DEBUG] 2021/04/01 14:10:41.472551 replica.go:175: [4] is going to kick off the protocol
[DEBUG] 2021/04/01 14:10:41.472625 replica.go:258: [4] the last view lasts 0 milliseconds, current view: 1
[DEBUG] 2021/04/01 14:10:41.472660 replica.go:207: [4] is processing new view: 1, leader is 4
[DEBUG] 2021/04/01 14:10:41.473532 replica.go:284: [2] is boosting
[DEBUG] 2021/04/01 14:10:41.473742 replica.go:284: [3] is boosting
[DEBUG] 2021/04/01 14:10:41.475993 replica.go:129: [1] received a block from 4, view is 1, id: 64a7374cc4631ac05187d7c19b80e566baecb891adc866e71875e22fb671965e, prevID: 0000000000000000000000000000000000000000000000000000000000000000
[DEBUG] 2021/04/01 14:10:41.476059 hotstuff.go:55: [1] is processing block from 4, view: 1, id: 64a7374cc4631ac05187d7c19b80e566baecb891adc866e71875e22fb671965e
[DEBUG] 2021/04/01 14:10:41.476282 hotstuff.go:226: [1] is processing a QC, block id: 0000000000000000000000000000000000000000000000000000000000000000
[DEBUG] 2021/04/01 14:10:41.476442 hotstuff.go:110: [1] vote is sent to 4, id: 64a7374cc4631ac05187d7c19b80e566baecb891adc866e71875e22fb671965e
[DEBUG] 2021/04/01 14:10:41.476864 replica.go:129: [2] received a block from 4, view is 1, id: 64a7374cc4631ac05187d7c19b80e566baecb891adc866e71875e22fb671965e, prevID: 0000000000000000000000000000000000000000000000000000000000000000
[DEBUG] 2021/04/01 14:10:41.476923 hotstuff.go:55: [2] is processing block from 4, view: 1, id: 64a7374cc4631ac05187d7c19b80e566baecb891adc866e71875e22fb671965e
[DEBUG] 2021/04/01 14:10:41.477152 hotstuff.go:226: [2] is processing a QC, block id: 0000000000000000000000000000000000000000000000000000000000000000
[DEBUG] 2021/04/01 14:10:41.477281 hotstuff.go:110: [2] vote is sent to 4, id: 64a7374cc4631ac05187d7c19b80e566baecb891adc866e71875e22fb671965e
[DEBUG] 2021/04/01 14:10:41.477371 hotstuff.go:55: [4] is processing block from 4, view: 1, id: 64a7374cc4631ac05187d7c19b80e566baecb891adc866e71875e22fb671965e
[DEBUG] 2021/04/01 14:10:41.477402 hotstuff.go:226: [4] is processing a QC, block id: 0000000000000000000000000000000000000000000000000000000000000000
[DEBUG] 2021/04/01 14:10:41.477526 hotstuff.go:107: [4] vote is sent to itself, id: 64a7374cc4631ac05187d7c19b80e566baecb891adc866e71875e22fb671965e
[DEBUG] 2021/04/01 14:10:41.477563 hotstuff.go:122: [4] is processing the vote, block id: 64a7374cc4631ac05187d7c19b80e566baecb891adc866e71875e22fb671965e
[DEBUG] 2021/04/01 14:10:41.477589 hotstuff.go:136: [4] not sufficient votes to build a QC, block id: 64a7374cc4631ac05187d7c19b80e566baecb891adc866e71875e22fb671965e
[DEBUG] 2021/04/01 14:10:41.477687 replica.go:207: [1] is processing new view: 1, leader is 4
[DEBUG] 2021/04/01 14:10:41.477732 replica.go:258: [1] the last view lasts 4 milliseconds, current view: 1
[DEBUG] 2021/04/01 14:10:41.477745 replica.go:207: [2] is processing new view: 1, leader is 4
[DEBUG] 2021/04/01 14:10:41.477749 replica.go:258: [2] the last view lasts 3 milliseconds, current view: 1
[DEBUG] 2021/04/01 14:10:41.478228 replica.go:129: [3] received a block from 4, view is 1, id: 64a7374cc4631ac05187d7c19b80e566baecb891adc866e71875e22fb671965e, prevID: 0000000000000000000000000000000000000000000000000000000000000000
[DEBUG] 2021/04/01 14:10:41.478264 hotstuff.go:55: [3] is processing block from 4, view: 1, id: 64a7374cc4631ac05187d7c19b80e566baecb891adc866e71875e22fb671965e
[DEBUG] 2021/04/01 14:10:41.478495 hotstuff.go:226: [3] is processing a QC, block id: 0000000000000000000000000000000000000000000000000000000000000000
[DEBUG] 2021/04/01 14:10:41.478637 hotstuff.go:110: [3] vote is sent to 4, id: 64a7374cc4631ac05187d7c19b80e566baecb891adc866e71875e22fb671965e
[DEBUG] 2021/04/01 14:10:41.478268 replica.go:138: [4] received a vote frm 1, blockID is 64a7374cc4631ac05187d7c19b80e566baecb891adc866e71875e22fb671965e
[DEBUG] 2021/04/01 14:10:41.478734 hotstuff.go:122: [4] is processing the vote, block id: 64a7374cc4631ac05187d7c19b80e566baecb891adc866e71875e22fb671965e
[DEBUG] 2021/04/01 14:10:41.478826 replica.go:138: [4] received a vote frm 2, blockID is 64a7374cc4631ac05187d7c19b80e566baecb891adc866e71875e22fb671965e
[DEBUG] 2021/04/01 14:10:41.478998 hotstuff.go:136: [4] not sufficient votes to build a QC, block id: 64a7374cc4631ac05187d7c19b80e566baecb891adc866e71875e22fb671965e
[DEBUG] 2021/04/01 14:10:41.479029 hotstuff.go:122: [4] is processing the vote, block id: 64a7374cc4631ac05187d7c19b80e566baecb891adc866e71875e22fb671965e
[DEBUG] 2021/04/01 14:10:41.479211 replica.go:207: [3] is processing new view: 1, leader is 4
[DEBUG] 2021/04/01 14:10:41.479244 replica.go:258: [3] the last view lasts 4 milliseconds, current view: 1
[DEBUG] 2021/04/01 14:10:41.479253 hotstuff.go:226: [4] is processing a QC, block id: 64a7374cc4631ac05187d7c19b80e566baecb891adc866e71875e22fb671965e
[DEBUG] 2021/04/01 14:10:41.479553 replica.go:138: [4] received a vote frm 3, blockID is 64a7374cc4631ac05187d7c19b80e566baecb891adc866e71875e22fb671965e
[DEBUG] 2021/04/01 14:10:41.479885 hotstuff.go:122: [4] is processing the vote, block id: 64a7374cc4631ac05187d7c19b80e566baecb891adc866e71875e22fb671965e
[DEBUG] 2021/04/01 14:10:41.480173 hotstuff.go:136: [4] not sufficient votes to build a QC, block id: 64a7374cc4631ac05187d7c19b80e566baecb891adc866e71875e22fb671965e
[DEBUG] 2021/04/01 14:10:41.480207 replica.go:207: [4] is processing new view: 2, leader is 4
[DEBUG] 2021/04/01 14:10:41.480377 replica.go:258: [4] the last view lasts 7 milliseconds, current view: 2
[DEBUG] 2021/04/01 14:10:41.480515 hotstuff.go:55: [4] is processing block from 4, view: 2, id: d84e7b454b8159bc029a80329d8527e2988b038f9237613d58038921ec2d84e4
[DEBUG] 2021/04/01 14:10:41.480542 hotstuff.go:226: [4] is processing a QC, block id: 64a7374cc4631ac05187d7c19b80e566baecb891adc866e71875e22fb671965e
[DEBUG] 2021/04/01 14:10:41.480659 hotstuff.go:107: [4] vote is sent to itself, id: d84e7b454b8159bc029a80329d8527e2988b038f9237613d58038921ec2d84e4
[DEBUG] 2021/04/01 14:10:41.480684 hotstuff.go:122: [4] is processing the vote, block id: d84e7b454b8159bc029a80329d8527e2988b038f9237613d58038921ec2d84e4
[DEBUG] 2021/04/01 14:10:41.480703 hotstuff.go:136: [4] not sufficient votes to build a QC, block id: d84e7b454b8159bc029a80329d8527e2988b038f9237613d58038921ec2d84e4
[DEBUG] 2021/04/01 14:10:41.480942 replica.go:129: [2] received a block from 4, view is 2, id: d84e7b454b8159bc029a80329d8527e2988b038f9237613d58038921ec2d84e4, prevID: 64a7374cc4631ac05187d7c19b80e566baecb891adc866e71875e22fb671965e
[DEBUG] 2021/04/01 14:10:41.481013 hotstuff.go:55: [2] is processing block from 4, view: 2, id: d84e7b454b8159bc029a80329d8527e2988b038f9237613d58038921ec2d84e4
[DEBUG] 2021/04/01 14:10:41.480942 replica.go:129: [3] received a block from 4, view is 2, id: d84e7b454b8159bc029a80329d8527e2988b038f9237613d58038921ec2d84e4, prevID: 64a7374cc4631ac05187d7c19b80e566baecb891adc866e71875e22fb671965e
[DEBUG] 2021/04/01 14:10:41.481078 hotstuff.go:55: [3] is processing block from 4, view: 2, id: d84e7b454b8159bc029a80329d8527e2988b038f9237613d58038921ec2d84e4
[DEBUG] 2021/04/01 14:10:41.481245 hotstuff.go:226: [2] is processing a QC, block id: 64a7374cc4631ac05187d7c19b80e566baecb891adc866e71875e22fb671965e
[DEBUG] 2021/04/01 14:10:41.481333 hotstuff.go:226: [3] is processing a QC, block id: 64a7374cc4631ac05187d7c19b80e566baecb891adc866e71875e22fb671965e
[DEBUG] 2021/04/01 14:10:41.480948 replica.go:129: [1] received a block from 4, view is 2, id: d84e7b454b8159bc029a80329d8527e2988b038f9237613d58038921ec2d84e4, prevID: 64a7374cc4631ac05187d7c19b80e566baecb891adc866e71875e22fb671965e
[DEBUG] 2021/04/01 14:10:41.481440 hotstuff.go:55: [1] is processing block from 4, view: 2, id: d84e7b454b8159bc029a80329d8527e2988b038f9237613d58038921ec2d84e4
[DEBUG] 2021/04/01 14:10:41.481721 hotstuff.go:226: [1] is processing a QC, block id: 64a7374cc4631ac05187d7c19b80e566baecb891adc866e71875e22fb671965e
[DEBUG] 2021/04/01 14:10:41.481982 hotstuff.go:110: [2] vote is sent to 4, id: d84e7b454b8159bc029a80329d8527e2988b038f9237613d58038921ec2d84e4
[DEBUG] 2021/04/01 14:10:41.482081 replica.go:258: [2] the last view lasts 4 milliseconds, current view: 2
[DEBUG] 2021/04/01 14:10:41.482129 replica.go:207: [2] is processing new view: 2, leader is 4
[DEBUG] 2021/04/01 14:10:41.482307 replica.go:138: [4] received a vote frm 2, blockID is d84e7b454b8159bc029a80329d8527e2988b038f9237613d58038921ec2d84e4
[DEBUG] 2021/04/01 14:10:41.482340 hotstuff.go:122: [4] is processing the vote, block id: d84e7b454b8159bc029a80329d8527e2988b038f9237613d58038921ec2d84e4
[DEBUG] 2021/04/01 14:10:41.482405 hotstuff.go:110: [1] vote is sent to 4, id: d84e7b454b8159bc029a80329d8527e2988b038f9237613d58038921ec2d84e4
[DEBUG] 2021/04/01 14:10:41.482503 replica.go:258: [1] the last view lasts 5 milliseconds, current view: 2
[DEBUG] 2021/04/01 14:10:41.482530 replica.go:207: [1] is processing new view: 2, leader is 4
[DEBUG] 2021/04/01 14:10:41.482552 hotstuff.go:136: [4] not sufficient votes to build a QC, block id: d84e7b454b8159bc029a80329d8527e2988b038f9237613d58038921ec2d84e4
[DEBUG] 2021/04/01 14:10:41.482671 hotstuff.go:110: [3] vote is sent to 4, id: d84e7b454b8159bc029a80329d8527e2988b038f9237613d58038921ec2d84e4
[DEBUG] 2021/04/01 14:10:41.482728 replica.go:138: [4] received a vote frm 1, blockID is d84e7b454b8159bc029a80329d8527e2988b038f9237613d58038921ec2d84e4
[DEBUG] 2021/04/01 14:10:41.482757 hotstuff.go:122: [4] is processing the vote, block id: d84e7b454b8159bc029a80329d8527e2988b038f9237613d58038921ec2d84e4
[DEBUG] 2021/04/01 14:10:41.482793 replica.go:138: [4] received a vote frm 3, blockID is d84e7b454b8159bc029a80329d8527e2988b038f9237613d58038921ec2d84e4
[DEBUG] 2021/04/01 14:10:41.483090 hotstuff.go:226: [4] is processing a QC, block id: d84e7b454b8159bc029a80329d8527e2988b038f9237613d58038921ec2d84e4
[DEBUG] 2021/04/01 14:10:41.482734 replica.go:258: [3] the last view lasts 3 milliseconds, current view: 2
[DEBUG] 2021/04/01 14:10:41.482738 replica.go:207: [3] is processing new view: 2, leader is 4
[DEBUG] 2021/04/01 14:10:41.483671 hotstuff.go:122: [4] is processing the vote, block id: d84e7b454b8159bc029a80329d8527e2988b038f9237613d58038921ec2d84e4
[DEBUG] 2021/04/01 14:10:41.483948 hotstuff.go:136: [4] not sufficient votes to build a QC, block id: d84e7b454b8159bc029a80329d8527e2988b038f9237613d58038921ec2d84e4
[DEBUG] 2021/04/01 14:10:41.484039 replica.go:207: [4] is processing new view: 3, leader is 4
[DEBUG] 2021/04/01 14:10:41.484270 hotstuff.go:55: [4] is processing block from 4, view: 3, id: 011531a03ac91dddc338e29733f13c2f7141c9b001224fa7d9651ecf2bc6c19e
[DEBUG] 2021/04/01 14:10:41.484302 hotstuff.go:226: [4] is processing a QC, block id: d84e7b454b8159bc029a80329d8527e2988b038f9237613d58038921ec2d84e4
[DEBUG] 2021/04/01 14:10:41.484361 replica.go:258: [4] the last view lasts 3 milliseconds, current view: 3
[DEBUG] 2021/04/01 14:10:41.484403 hotstuff.go:110: [4] vote is sent to 3, id: 011531a03ac91dddc338e29733f13c2f7141c9b001224fa7d9651ecf2bc6c19e
[DEBUG] 2021/04/01 14:10:41.484476 replica.go:129: [1] received a block from 4, view is 3, id: 011531a03ac91dddc338e29733f13c2f7141c9b001224fa7d9651ecf2bc6c19e, prevID: d84e7b454b8159bc029a80329d8527e2988b038f9237613d58038921ec2d84e4
[DEBUG] 2021/04/01 14:10:41.484532 hotstuff.go:55: [1] is processing block from 4, view: 3, id: 011531a03ac91dddc338e29733f13c2f7141c9b001224fa7d9651ecf2bc6c19e
[DEBUG] 2021/04/01 14:10:41.484672 replica.go:129: [2] received a block from 4, view is 3, id: 011531a03ac91dddc338e29733f13c2f7141c9b001224fa7d9651ecf2bc6c19e, prevID: d84e7b454b8159bc029a80329d8527e2988b038f9237613d58038921ec2d84e4
[DEBUG] 2021/04/01 14:10:41.484703 hotstuff.go:55: [2] is processing block from 4, view: 3, id: 011531a03ac91dddc338e29733f13c2f7141c9b001224fa7d9651ecf2bc6c19e
[DEBUG] 2021/04/01 14:10:41.484721 replica.go:129: [3] received a block from 4, view is 3, id: 011531a03ac91dddc338e29733f13c2f7141c9b001224fa7d9651ecf2bc6c19e, prevID: d84e7b454b8159bc029a80329d8527e2988b038f9237613d58038921ec2d84e4
[DEBUG] 2021/04/01 14:10:41.484751 replica.go:138: [3] received a vote frm 4, blockID is 011531a03ac91dddc338e29733f13c2f7141c9b001224fa7d9651ecf2bc6c19e
[DEBUG] 2021/04/01 14:10:41.484765 hotstuff.go:226: [1] is processing a QC, block id: d84e7b454b8159bc029a80329d8527e2988b038f9237613d58038921ec2d84e4
[DEBUG] 2021/04/01 14:10:41.485581 hotstuff.go:110: [1] vote is sent to 3, id: 011531a03ac91dddc338e29733f13c2f7141c9b001224fa7d9651ecf2bc6c19e
[DEBUG] 2021/04/01 14:10:41.484778 hotstuff.go:55: [3] is processing block from 4, view: 3, id: 011531a03ac91dddc338e29733f13c2f7141c9b001224fa7d9651ecf2bc6c19e
[DEBUG] 2021/04/01 14:10:41.486076 hotstuff.go:226: [3] is processing a QC, block id: d84e7b454b8159bc029a80329d8527e2988b038f9237613d58038921ec2d84e4
[DEBUG] 2021/04/01 14:10:41.486135 hotstuff.go:226: [2] is processing a QC, block id: d84e7b454b8159bc029a80329d8527e2988b038f9237613d58038921ec2d84e4
[DEBUG] 2021/04/01 14:10:41.486789 hotstuff.go:107: [3] vote is sent to itself, id: 011531a03ac91dddc338e29733f13c2f7141c9b001224fa7d9651ecf2bc6c19e
[DEBUG] 2021/04/01 14:10:41.486826 hotstuff.go:122: [3] is processing the vote, block id: 011531a03ac91dddc338e29733f13c2f7141c9b001224fa7d9651ecf2bc6c19e
[DEBUG] 2021/04/01 14:10:41.486842 replica.go:258: [1] the last view lasts 3 milliseconds, current view: 3
[DEBUG] 2021/04/01 14:10:41.486849 hotstuff.go:110: [2] vote is sent to 3, id: 011531a03ac91dddc338e29733f13c2f7141c9b001224fa7d9651ecf2bc6c19e
[DEBUG] 2021/04/01 14:10:41.486847 hotstuff.go:136: [3] not sufficient votes to build a QC, block id: 011531a03ac91dddc338e29733f13c2f7141c9b001224fa7d9651ecf2bc6c19e
[DEBUG] 2021/04/01 14:10:41.487278 hotstuff.go:122: [3] is processing the vote, block id: 011531a03ac91dddc338e29733f13c2f7141c9b001224fa7d9651ecf2bc6c19e
[DEBUG] 2021/04/01 14:10:41.486837 replica.go:207: [1] is processing new view: 3, leader is 4
[DEBUG] 2021/04/01 14:10:41.487496 hotstuff.go:136: [3] not sufficient votes to build a QC, block id: 011531a03ac91dddc338e29733f13c2f7141c9b001224fa7d9651ecf2bc6c19e
[DEBUG] 2021/04/01 14:10:41.487539 replica.go:207: [3] is processing new view: 3, leader is 4
[DEBUG] 2021/04/01 14:10:41.487559 replica.go:258: [3] the last view lasts 4 milliseconds, current view: 3
[DEBUG] 2021/04/01 14:10:41.487687 replica.go:207: [2] is processing new view: 3, leader is 4
[DEBUG] 2021/04/01 14:10:41.487719 replica.go:258: [2] the last view lasts 4 milliseconds, current view: 3
[DEBUG] 2021/04/01 14:10:41.487748 replica.go:138: [3] received a vote frm 1, blockID is 011531a03ac91dddc338e29733f13c2f7141c9b001224fa7d9651ecf2bc6c19e
[DEBUG] 2021/04/01 14:10:41.487788 hotstuff.go:122: [3] is processing the vote, block id: 011531a03ac91dddc338e29733f13c2f7141c9b001224fa7d9651ecf2bc6c19e
[DEBUG] 2021/04/01 14:10:41.488125 hotstuff.go:226: [3] is processing a QC, block id: 011531a03ac91dddc338e29733f13c2f7141c9b001224fa7d9651ecf2bc6c19e
[DEBUG] 2021/04/01 14:10:41.488156 replica.go:138: [3] received a vote frm 2, blockID is 011531a03ac91dddc338e29733f13c2f7141c9b001224fa7d9651ecf2bc6c19e
[DEBUG] 2021/04/01 14:10:41.488892 hotstuff.go:122: [3] is processing the vote, block id: 011531a03ac91dddc338e29733f13c2f7141c9b001224fa7d9651ecf2bc6c19e
[INFO] 2021/04/01 14:10:41.488990 replica.go:193: [3] the block is committed, No. of transactions: 1, view: 1, current view: 4, id: 64a7374cc4631ac05187d7c19b80e566baecb891adc866e71875e22fb671965e
[DEBUG] 2021/04/01 14:10:41.489296 hotstuff.go:136: [3] not sufficient votes to build a QC, block id: 011531a03ac91dddc338e29733f13c2f7141c9b001224fa7d9651ecf2bc6c19e
[DEBUG] 2021/04/01 14:10:41.489345 replica.go:207: [3] is processing new view: 4, leader is 3
[DEBUG] 2021/04/01 14:10:41.489364 replica.go:258: [3] the last view lasts 2 milliseconds, current view: 4
[DEBUG] 2021/04/01 14:10:41.490555 hotstuff.go:55: [3] is processing block from 3, view: 4, id: 4b9c2a075162cda2e942e792b786fe13a14cf92587637a85a686035cc6e12b61
[DEBUG] 2021/04/01 14:10:41.490601 hotstuff.go:226: [3] is processing a QC, block id: 011531a03ac91dddc338e29733f13c2f7141c9b001224fa7d9651ecf2bc6c19e
[DEBUG] 2021/04/01 14:10:41.490686 replica.go:129: [1] received a block from 3, view is 4, id: 4b9c2a075162cda2e942e792b786fe13a14cf92587637a85a686035cc6e12b61, prevID: 011531a03ac91dddc338e29733f13c2f7141c9b001224fa7d9651ecf2bc6c19e
[DEBUG] 2021/04/01 14:10:41.490719 hotstuff.go:107: [3] vote is sent to itself, id: 4b9c2a075162cda2e942e792b786fe13a14cf92587637a85a686035cc6e12b61
[DEBUG] 2021/04/01 14:10:41.490743 hotstuff.go:122: [3] is processing the vote, block id: 4b9c2a075162cda2e942e792b786fe13a14cf92587637a85a686035cc6e12b61
[DEBUG] 2021/04/01 14:10:41.490761 hotstuff.go:136: [3] not sufficient votes to build a QC, block id: 4b9c2a075162cda2e942e792b786fe13a14cf92587637a85a686035cc6e12b61
[DEBUG] 2021/04/01 14:10:41.490724 hotstuff.go:55: [1] is processing block from 3, view: 4, id: 4b9c2a075162cda2e942e792b786fe13a14cf92587637a85a686035cc6e12b61
[DEBUG] 2021/04/01 14:10:41.491372 replica.go:129: [4] received a block from 3, view is 4, id: 4b9c2a075162cda2e942e792b786fe13a14cf92587637a85a686035cc6e12b61, prevID: 011531a03ac91dddc338e29733f13c2f7141c9b001224fa7d9651ecf2bc6c19e
[DEBUG] 2021/04/01 14:10:41.491412 hotstuff.go:55: [4] is processing block from 3, view: 4, id: 4b9c2a075162cda2e942e792b786fe13a14cf92587637a85a686035cc6e12b61
[DEBUG] 2021/04/01 14:10:41.491379 hotstuff.go:226: [1] is processing a QC, block id: 011531a03ac91dddc338e29733f13c2f7141c9b001224fa7d9651ecf2bc6c19e
[DEBUG] 2021/04/01 14:10:41.491671 hotstuff.go:226: [4] is processing a QC, block id: 011531a03ac91dddc338e29733f13c2f7141c9b001224fa7d9651ecf2bc6c19e
[DEBUG] 2021/04/01 14:10:41.491962 replica.go:129: [2] received a block from 3, view is 4, id: 4b9c2a075162cda2e942e792b786fe13a14cf92587637a85a686035cc6e12b61, prevID: 011531a03ac91dddc338e29733f13c2f7141c9b001224fa7d9651ecf2bc6c19e
[DEBUG] 2021/04/01 14:10:41.491997 hotstuff.go:55: [2] is processing block from 3, view: 4, id: 4b9c2a075162cda2e942e792b786fe13a14cf92587637a85a686035cc6e12b61
[DEBUG] 2021/04/01 14:10:41.492224 hotstuff.go:226: [2] is processing a QC, block id: 011531a03ac91dddc338e29733f13c2f7141c9b001224fa7d9651ecf2bc6c19e
[DEBUG] 2021/04/01 14:10:41.492278 hotstuff.go:110: [1] vote is sent to 3, id: 4b9c2a075162cda2e942e792b786fe13a14cf92587637a85a686035cc6e12b61
[DEBUG] 2021/04/01 14:10:41.492354 replica.go:258: [1] the last view lasts 6 milliseconds, current view: 4
[DEBUG] 2021/04/01 14:10:41.492381 replica.go:207: [1] is processing new view: 4, leader is 3
[DEBUG] 2021/04/01 14:10:41.492409 hotstuff.go:110: [4] vote is sent to 3, id: 4b9c2a075162cda2e942e792b786fe13a14cf92587637a85a686035cc6e12b61
[INFO] 2021/04/01 14:10:41.492429 replica.go:193: [1] the block is committed, No. of transactions: 1, view: 1, current view: 4, id: 64a7374cc4631ac05187d7c19b80e566baecb891adc866e71875e22fb671965e
[DEBUG] 2021/04/01 14:10:41.492469 replica.go:258: [4] the last view lasts 8 milliseconds, current view: 4
[DEBUG] 2021/04/01 14:10:41.492492 replica.go:207: [4] is processing new view: 4, leader is 3
[DEBUG] 2021/04/01 14:10:41.492518 replica.go:138: [3] received a vote frm 1, blockID is 4b9c2a075162cda2e942e792b786fe13a14cf92587637a85a686035cc6e12b61
[DEBUG] 2021/04/01 14:10:41.492571 replica.go:138: [3] received a vote frm 4, blockID is 4b9c2a075162cda2e942e792b786fe13a14cf92587637a85a686035cc6e12b61
[DEBUG] 2021/04/01 14:10:41.492592 hotstuff.go:122: [3] is processing the vote, block id: 4b9c2a075162cda2e942e792b786fe13a14cf92587637a85a686035cc6e12b61
[DEBUG] 2021/04/01 14:10:41.492735 hotstuff.go:136: [3] not sufficient votes to build a QC, block id: 4b9c2a075162cda2e942e792b786fe13a14cf92587637a85a686035cc6e12b61
[DEBUG] 2021/04/01 14:10:41.492750 hotstuff.go:122: [3] is processing the vote, block id: 4b9c2a075162cda2e942e792b786fe13a14cf92587637a85a686035cc6e12b61
[DEBUG] 2021/04/01 14:10:41.492874 hotstuff.go:226: [3] is processing a QC, block id: 4b9c2a075162cda2e942e792b786fe13a14cf92587637a85a686035cc6e12b61
[DEBUG] 2021/04/01 14:10:41.492970 hotstuff.go:110: [2] vote is sent to 3, id: 4b9c2a075162cda2e942e792b786fe13a14cf92587637a85a686035cc6e12b61
[DEBUG] 2021/04/01 14:10:41.493037 replica.go:258: [2] the last view lasts 6 milliseconds, current view: 4
[DEBUG] 2021/04/01 14:10:41.493062 replica.go:207: [2] is processing new view: 4, leader is 3
[INFO] 2021/04/01 14:10:41.492525 replica.go:193: [4] the block is committed, No. of transactions: 1, view: 1, current view: 4, id: 64a7374cc4631ac05187d7c19b80e566baecb891adc866e71875e22fb671965e
[INFO] 2021/04/01 14:10:41.493095 replica.go:193: [2] the block is committed, No. of transactions: 1, view: 1, current view: 4, id: 64a7374cc4631ac05187d7c19b80e566baecb891adc866e71875e22fb671965e
[INFO] 2021/04/01 14:10:41.493489 replica.go:193: [3] the block is committed, No. of transactions: 9, view: 2, current view: 5, id: d84e7b454b8159bc029a80329d8527e2988b038f9237613d58038921ec2d84e4
[DEBUG] 2021/04/01 14:10:41.493573 replica.go:258: [3] the last view lasts 4 milliseconds, current view: 5
[DEBUG] 2021/04/01 14:10:41.493600 replica.go:207: [3] is processing new view: 5, leader is 3
[DEBUG] 2021/04/01 14:10:41.493750 hotstuff.go:55: [3] is processing block from 3, view: 5, id: 9d5d554a593d85a3449ebb3e5af12dab86d5779b9792d9f0719c3578d8598593
[DEBUG] 2021/04/01 14:10:41.493777 hotstuff.go:226: [3] is processing a QC, block id: 4b9c2a075162cda2e942e792b786fe13a14cf92587637a85a686035cc6e12b61
[DEBUG] 2021/04/01 14:10:41.493908 hotstuff.go:110: [3] vote is sent to 2, id: 9d5d554a593d85a3449ebb3e5af12dab86d5779b9792d9f0719c3578d8598593
[DEBUG] 2021/04/01 14:10:41.494174 replica.go:129: [4] received a block from 3, view is 5, id: 9d5d554a593d85a3449ebb3e5af12dab86d5779b9792d9f0719c3578d8598593, prevID: 4b9c2a075162cda2e942e792b786fe13a14cf92587637a85a686035cc6e12b61
[DEBUG] 2021/04/01 14:10:41.494215 hotstuff.go:55: [4] is processing block from 3, view: 5, id: 9d5d554a593d85a3449ebb3e5af12dab86d5779b9792d9f0719c3578d8598593
[DEBUG] 2021/04/01 14:10:41.494233 replica.go:129: [1] received a block from 3, view is 5, id: 9d5d554a593d85a3449ebb3e5af12dab86d5779b9792d9f0719c3578d8598593, prevID: 4b9c2a075162cda2e942e792b786fe13a14cf92587637a85a686035cc6e12b61
[DEBUG] 2021/04/01 14:10:41.494271 hotstuff.go:55: [1] is processing block from 3, view: 5, id: 9d5d554a593d85a3449ebb3e5af12dab86d5779b9792d9f0719c3578d8598593
[DEBUG] 2021/04/01 14:10:41.494231 replica.go:129: [2] received a block from 3, view is 5, id: 9d5d554a593d85a3449ebb3e5af12dab86d5779b9792d9f0719c3578d8598593, prevID: 4b9c2a075162cda2e942e792b786fe13a14cf92587637a85a686035cc6e12b61
[DEBUG] 2021/04/01 14:10:41.494462 hotstuff.go:226: [1] is processing a QC, block id: 4b9c2a075162cda2e942e792b786fe13a14cf92587637a85a686035cc6e12b61
[DEBUG] 2021/04/01 14:10:41.494471 replica.go:138: [2] received a vote frm 3, blockID is 9d5d554a593d85a3449ebb3e5af12dab86d5779b9792d9f0719c3578d8598593
[DEBUG] 2021/04/01 14:10:41.494470 hotstuff.go:226: [4] is processing a QC, block id: 4b9c2a075162cda2e942e792b786fe13a14cf92587637a85a686035cc6e12b61
[DEBUG] 2021/04/01 14:10:41.495265 hotstuff.go:110: [1] vote is sent to 2, id: 9d5d554a593d85a3449ebb3e5af12dab86d5779b9792d9f0719c3578d8598593
[INFO] 2021/04/01 14:10:41.495251 replica.go:193: [1] the block is committed, No. of transactions: 9, view: 2, current view: 5, id: d84e7b454b8159bc029a80329d8527e2988b038f9237613d58038921ec2d84e4
[DEBUG] 2021/04/01 14:10:41.494477 hotstuff.go:55: [2] is processing block from 3, view: 5, id: 9d5d554a593d85a3449ebb3e5af12dab86d5779b9792d9f0719c3578d8598593
[INFO] 2021/04/01 14:10:41.495487 replica.go:193: [4] the block is committed, No. of transactions: 9, view: 2, current view: 5, id: d84e7b454b8159bc029a80329d8527e2988b038f9237613d58038921ec2d84e4
[DEBUG] 2021/04/01 14:10:41.495562 hotstuff.go:110: [4] vote is sent to 2, id: 9d5d554a593d85a3449ebb3e5af12dab86d5779b9792d9f0719c3578d8598593
[DEBUG] 2021/04/01 14:10:41.495602 hotstuff.go:226: [2] is processing a QC, block id: 4b9c2a075162cda2e942e792b786fe13a14cf92587637a85a686035cc6e12b61
[DEBUG] 2021/04/01 14:10:41.495771 replica.go:207: [1] is processing new view: 5, leader is 3
[DEBUG] 2021/04/01 14:10:41.495799 replica.go:258: [1] the last view lasts 2 milliseconds, current view: 5
[DEBUG] 2021/04/01 14:10:41.495612 replica.go:207: [4] is processing new view: 5, leader is 3
[DEBUG] 2021/04/01 14:10:41.495615 replica.go:258: [4] the last view lasts 2 milliseconds, current view: 5
[DEBUG] 2021/04/01 14:10:41.496267 hotstuff.go:107: [2] vote is sent to itself, id: 9d5d554a593d85a3449ebb3e5af12dab86d5779b9792d9f0719c3578d8598593
[DEBUG] 2021/04/01 14:10:41.496299 hotstuff.go:122: [2] is processing the vote, block id: 9d5d554a593d85a3449ebb3e5af12dab86d5779b9792d9f0719c3578d8598593
[DEBUG] 2021/04/01 14:10:41.496319 hotstuff.go:136: [2] not sufficient votes to build a QC, block id: 9d5d554a593d85a3449ebb3e5af12dab86d5779b9792d9f0719c3578d8598593
[DEBUG] 2021/04/01 14:10:41.496339 hotstuff.go:122: [2] is processing the vote, block id: 9d5d554a593d85a3449ebb3e5af12dab86d5779b9792d9f0719c3578d8598593
[INFO] 2021/04/01 14:10:41.496521 replica.go:193: [2] the block is committed, No. of transactions: 9, view: 2, current view: 5, id: d84e7b454b8159bc029a80329d8527e2988b038f9237613d58038921ec2d84e4
[DEBUG] 2021/04/01 14:10:41.496605 replica.go:138: [2] received a vote frm 4, blockID is 9d5d554a593d85a3449ebb3e5af12dab86d5779b9792d9f0719c3578d8598593
[DEBUG] 2021/04/01 14:10:41.496611 hotstuff.go:136: [2] not sufficient votes to build a QC, block id: 9d5d554a593d85a3449ebb3e5af12dab86d5779b9792d9f0719c3578d8598593
[DEBUG] 2021/04/01 14:10:41.496658 replica.go:207: [2] is processing new view: 5, leader is 3
[DEBUG] 2021/04/01 14:10:41.496678 hotstuff.go:122: [2] is processing the vote, block id: 9d5d554a593d85a3449ebb3e5af12dab86d5779b9792d9f0719c3578d8598593
[DEBUG] 2021/04/01 14:10:41.496683 replica.go:258: [2] the last view lasts 3 milliseconds, current view: 5
[DEBUG] 2021/04/01 14:10:41.496805 replica.go:138: [2] received a vote frm 1, blockID is 9d5d554a593d85a3449ebb3e5af12dab86d5779b9792d9f0719c3578d8598593
[DEBUG] 2021/04/01 14:10:41.496910 hotstuff.go:226: [2] is processing a QC, block id: 9d5d554a593d85a3449ebb3e5af12dab86d5779b9792d9f0719c3578d8598593
[DEBUG] 2021/04/01 14:10:41.497457 hotstuff.go:122: [2] is processing the vote, block id: 9d5d554a593d85a3449ebb3e5af12dab86d5779b9792d9f0719c3578d8598593
[INFO] 2021/04/01 14:10:41.497514 replica.go:193: [2] the block is committed, No. of transactions: 3, view: 3, current view: 6, id: 011531a03ac91dddc338e29733f13c2f7141c9b001224fa7d9651ecf2bc6c19e
[DEBUG] 2021/04/01 14:10:41.497631 hotstuff.go:136: [2] not sufficient votes to build a QC, block id: 9d5d554a593d85a3449ebb3e5af12dab86d5779b9792d9f0719c3578d8598593
[DEBUG] 2021/04/01 14:10:41.497654 replica.go:207: [2] is processing new view: 6, leader is 2
[DEBUG] 2021/04/01 14:10:41.497674 replica.go:258: [2] the last view lasts 1 milliseconds, current view: 6
[DEBUG] 2021/04/01 14:10:41.498301 hotstuff.go:55: [2] is processing block from 2, view: 6, id: 765a04055687931c5db4d9b38b1bf31cb551729584ec511da2b2515734f3aae8
[DEBUG] 2021/04/01 14:10:41.498338 hotstuff.go:226: [2] is processing a QC, block id: 9d5d554a593d85a3449ebb3e5af12dab86d5779b9792d9f0719c3578d8598593
[DEBUG] 2021/04/01 14:10:41.498414 hotstuff.go:107: [2] vote is sent to itself, id: 765a04055687931c5db4d9b38b1bf31cb551729584ec511da2b2515734f3aae8
[DEBUG] 2021/04/01 14:10:41.498463 hotstuff.go:122: [2] is processing the vote, block id: 765a04055687931c5db4d9b38b1bf31cb551729584ec511da2b2515734f3aae8
[DEBUG] 2021/04/01 14:10:41.498526 hotstuff.go:136: [2] not sufficient votes to build a QC, block id: 765a04055687931c5db4d9b38b1bf31cb551729584ec511da2b2515734f3aae8
[DEBUG] 2021/04/01 14:10:41.498923 replica.go:129: [4] received a block from 2, view is 6, id: 765a04055687931c5db4d9b38b1bf31cb551729584ec511da2b2515734f3aae8, prevID: 9d5d554a593d85a3449ebb3e5af12dab86d5779b9792d9f0719c3578d8598593
[DEBUG] 2021/04/01 14:10:41.498964 hotstuff.go:55: [4] is processing block from 2, view: 6, id: 765a04055687931c5db4d9b38b1bf31cb551729584ec511da2b2515734f3aae8
[DEBUG] 2021/04/01 14:10:41.499069 replica.go:129: [1] received a block from 2, view is 6, id: 765a04055687931c5db4d9b38b1bf31cb551729584ec511da2b2515734f3aae8, prevID: 9d5d554a593d85a3449ebb3e5af12dab86d5779b9792d9f0719c3578d8598593
[DEBUG] 2021/04/01 14:10:41.499130 hotstuff.go:55: [1] is processing block from 2, view: 6, id: 765a04055687931c5db4d9b38b1bf31cb551729584ec511da2b2515734f3aae8
[DEBUG] 2021/04/01 14:10:41.499186 hotstuff.go:226: [4] is processing a QC, block id: 9d5d554a593d85a3449ebb3e5af12dab86d5779b9792d9f0719c3578d8598593
[DEBUG] 2021/04/01 14:10:41.499107 replica.go:129: [3] received a block from 2, view is 6, id: 765a04055687931c5db4d9b38b1bf31cb551729584ec511da2b2515734f3aae8, prevID: 9d5d554a593d85a3449ebb3e5af12dab86d5779b9792d9f0719c3578d8598593
[DEBUG] 2021/04/01 14:10:41.499351 hotstuff.go:55: [3] is processing block from 2, view: 6, id: 765a04055687931c5db4d9b38b1bf31cb551729584ec511da2b2515734f3aae8
[DEBUG] 2021/04/01 14:10:41.499391 hotstuff.go:226: [1] is processing a QC, block id: 9d5d554a593d85a3449ebb3e5af12dab86d5779b9792d9f0719c3578d8598593
[DEBUG] 2021/04/01 14:10:41.499592 hotstuff.go:226: [3] is processing a QC, block id: 9d5d554a593d85a3449ebb3e5af12dab86d5779b9792d9f0719c3578d8598593
[DEBUG] 2021/04/01 14:10:41.500017 hotstuff.go:110: [4] vote is sent to 2, id: 765a04055687931c5db4d9b38b1bf31cb551729584ec511da2b2515734f3aae8
[DEBUG] 2021/04/01 14:10:41.500107 replica.go:258: [4] the last view lasts 4 milliseconds, current view: 6
[DEBUG] 2021/04/01 14:10:41.500110 hotstuff.go:110: [1] vote is sent to 2, id: 765a04055687931c5db4d9b38b1bf31cb551729584ec511da2b2515734f3aae8
[INFO] 2021/04/01 14:10:41.500122 replica.go:193: [1] the block is committed, No. of transactions: 3, view: 3, current view: 6, id: 011531a03ac91dddc338e29733f13c2f7141c9b001224fa7d9651ecf2bc6c19e
[INFO] 2021/04/01 14:10:41.500140 replica.go:193: [4] the block is committed, No. of transactions: 3, view: 3, current view: 6, id: 011531a03ac91dddc338e29733f13c2f7141c9b001224fa7d9651ecf2bc6c19e
[DEBUG] 2021/04/01 14:10:41.500150 replica.go:207: [1] is processing new view: 6, leader is 2
[DEBUG] 2021/04/01 14:10:41.500156 replica.go:258: [1] the last view lasts 4 milliseconds, current view: 6
[DEBUG] 2021/04/01 14:10:41.500135 replica.go:207: [4] is processing new view: 6, leader is 2
[DEBUG] 2021/04/01 14:10:41.500379 hotstuff.go:110: [3] vote is sent to 2, id: 765a04055687931c5db4d9b38b1bf31cb551729584ec511da2b2515734f3aae8
[DEBUG] 2021/04/01 14:10:41.500425 replica.go:207: [3] is processing new view: 6, leader is 2
[DEBUG] 2021/04/01 14:10:41.500446 replica.go:258: [3] the last view lasts 6 milliseconds, current view: 6
[INFO] 2021/04/01 14:10:41.500400 replica.go:193: [3] the block is committed, No. of transactions: 3, view: 3, current view: 6, id: 011531a03ac91dddc338e29733f13c2f7141c9b001224fa7d9651ecf2bc6c19e
[DEBUG] 2021/04/01 14:10:41.500571 replica.go:138: [2] received a vote frm 3, blockID is 765a04055687931c5db4d9b38b1bf31cb551729584ec511da2b2515734f3aae8
[DEBUG] 2021/04/01 14:10:41.500622 replica.go:138: [2] received a vote frm 1, blockID is 765a04055687931c5db4d9b38b1bf31cb551729584ec511da2b2515734f3aae8
[DEBUG] 2021/04/01 14:10:41.500642 hotstuff.go:122: [2] is processing the vote, block id: 765a04055687931c5db4d9b38b1bf31cb551729584ec511da2b2515734f3aae8
[DEBUG] 2021/04/01 14:10:41.500942 hotstuff.go:136: [2] not sufficient votes to build a QC, block id: 765a04055687931c5db4d9b38b1bf31cb551729584ec511da2b2515734f3aae8
[DEBUG] 2021/04/01 14:10:41.500974 hotstuff.go:122: [2] is processing the vote, block id: 765a04055687931c5db4d9b38b1bf31cb551729584ec511da2b2515734f3aae8
[DEBUG] 2021/04/01 14:10:41.501153 replica.go:138: [2] received a vote frm 4, blockID is 765a04055687931c5db4d9b38b1bf31cb551729584ec511da2b2515734f3aae8
[DEBUG] 2021/04/01 14:10:41.501282 hotstuff.go:226: [2] is processing a QC, block id: 765a04055687931c5db4d9b38b1bf31cb551729584ec511da2b2515734f3aae8
[DEBUG] 2021/04/01 14:10:41.501680 hotstuff.go:122: [2] is processing the vote, block id: 765a04055687931c5db4d9b38b1bf31cb551729584ec511da2b2515734f3aae8
[INFO] 2021/04/01 14:10:41.501691 replica.go:193: [2] the block is committed, No. of transactions: 19, view: 4, current view: 7, id: 4b9c2a075162cda2e942e792b786fe13a14cf92587637a85a686035cc6e12b61
[DEBUG] 2021/04/01 14:10:41.501951 hotstuff.go:136: [2] not sufficient votes to build a QC, block id: 765a04055687931c5db4d9b38b1bf31cb551729584ec511da2b2515734f3aae8
[DEBUG] 2021/04/01 14:10:41.501996 replica.go:207: [2] is processing new view: 7, leader is 2
[DEBUG] 2021/04/01 14:10:41.502154 hotstuff.go:55: [2] is processing block from 2, view: 7, id: dabc19c9b1171a995dc78103853b40a2d2f9a971ea0955ce91c70a67c759a395
[DEBUG] 2021/04/01 14:10:41.502182 hotstuff.go:226: [2] is processing a QC, block id: 765a04055687931c5db4d9b38b1bf31cb551729584ec511da2b2515734f3aae8
[DEBUG] 2021/04/01 14:10:41.502304 hotstuff.go:110: [2] vote is sent to 1, id: dabc19c9b1171a995dc78103853b40a2d2f9a971ea0955ce91c70a67c759a395
[DEBUG] 2021/04/01 14:10:41.502336 replica.go:129: [3] received a block from 2, view is 7, id: dabc19c9b1171a995dc78103853b40a2d2f9a971ea0955ce91c70a67c759a395, prevID: 765a04055687931c5db4d9b38b1bf31cb551729584ec511da2b2515734f3aae8
[DEBUG] 2021/04/01 14:10:41.502162 replica.go:258: [2] the last view lasts 4 milliseconds, current view: 7
[DEBUG] 2021/04/01 14:10:41.502401 hotstuff.go:55: [3] is processing block from 2, view: 7, id: dabc19c9b1171a995dc78103853b40a2d2f9a971ea0955ce91c70a67c759a395
[DEBUG] 2021/04/01 14:10:41.502402 replica.go:129: [1] received a block from 2, view is 7, id: dabc19c9b1171a995dc78103853b40a2d2f9a971ea0955ce91c70a67c759a395, prevID: 765a04055687931c5db4d9b38b1bf31cb551729584ec511da2b2515734f3aae8
[DEBUG] 2021/04/01 14:10:41.502498 replica.go:138: [1] received a vote frm 2, blockID is dabc19c9b1171a995dc78103853b40a2d2f9a971ea0955ce91c70a67c759a395
[DEBUG] 2021/04/01 14:10:41.502501 replica.go:129: [4] received a block from 2, view is 7, id: dabc19c9b1171a995dc78103853b40a2d2f9a971ea0955ce91c70a67c759a395, prevID: 765a04055687931c5db4d9b38b1bf31cb551729584ec511da2b2515734f3aae8
[DEBUG] 2021/04/01 14:10:41.502551 hotstuff.go:55: [4] is processing block from 2, view: 7, id: dabc19c9b1171a995dc78103853b40a2d2f9a971ea0955ce91c70a67c759a395
[DEBUG] 2021/04/01 14:10:41.502513 hotstuff.go:55: [1] is processing block from 2, view: 7, id: dabc19c9b1171a995dc78103853b40a2d2f9a971ea0955ce91c70a67c759a395
[DEBUG] 2021/04/01 14:10:41.502633 hotstuff.go:226: [3] is processing a QC, block id: 765a04055687931c5db4d9b38b1bf31cb551729584ec511da2b2515734f3aae8
[DEBUG] 2021/04/01 14:10:41.502763 hotstuff.go:226: [4] is processing a QC, block id: 765a04055687931c5db4d9b38b1bf31cb551729584ec511da2b2515734f3aae8
[DEBUG] 2021/04/01 14:10:41.502821 hotstuff.go:226: [1] is processing a QC, block id: 765a04055687931c5db4d9b38b1bf31cb551729584ec511da2b2515734f3aae8
[INFO] 2021/04/01 14:10:41.503486 replica.go:193: [3] the block is committed, No. of transactions: 19, view: 4, current view: 7, id: 4b9c2a075162cda2e942e792b786fe13a14cf92587637a85a686035cc6e12b61
[DEBUG] 2021/04/01 14:10:41.503515 hotstuff.go:110: [3] vote is sent to 1, id: dabc19c9b1171a995dc78103853b40a2d2f9a971ea0955ce91c70a67c759a395
[DEBUG] 2021/04/01 14:10:41.503549 replica.go:207: [3] is processing new view: 7, leader is 2
[DEBUG] 2021/04/01 14:10:41.503599 replica.go:258: [3] the last view lasts 3 milliseconds, current view: 7
[DEBUG] 2021/04/01 14:10:41.503645 hotstuff.go:107: [1] vote is sent to itself, id: dabc19c9b1171a995dc78103853b40a2d2f9a971ea0955ce91c70a67c759a395
[DEBUG] 2021/04/01 14:10:41.503672 hotstuff.go:122: [1] is processing the vote, block id: dabc19c9b1171a995dc78103853b40a2d2f9a971ea0955ce91c70a67c759a395
[DEBUG] 2021/04/01 14:10:41.503693 hotstuff.go:136: [1] not sufficient votes to build a QC, block id: dabc19c9b1171a995dc78103853b40a2d2f9a971ea0955ce91c70a67c759a395
[DEBUG] 2021/04/01 14:10:41.503714 hotstuff.go:122: [1] is processing the vote, block id: dabc19c9b1171a995dc78103853b40a2d2f9a971ea0955ce91c70a67c759a395
[DEBUG] 2021/04/01 14:10:41.503785 replica.go:138: [1] received a vote frm 3, blockID is dabc19c9b1171a995dc78103853b40a2d2f9a971ea0955ce91c70a67c759a395
[INFO] 2021/04/01 14:10:41.503661 replica.go:193: [1] the block is committed, No. of transactions: 19, view: 4, current view: 7, id: 4b9c2a075162cda2e942e792b786fe13a14cf92587637a85a686035cc6e12b61
[INFO] 2021/04/01 14:10:41.503683 replica.go:193: [4] the block is committed, No. of transactions: 19, view: 4, current view: 7, id: 4b9c2a075162cda2e942e792b786fe13a14cf92587637a85a686035cc6e12b61
[DEBUG] 2021/04/01 14:10:41.503673 hotstuff.go:110: [4] vote is sent to 1, id: dabc19c9b1171a995dc78103853b40a2d2f9a971ea0955ce91c70a67c759a395
[DEBUG] 2021/04/01 14:10:41.503971 replica.go:207: [4] is processing new view: 7, leader is 2
[DEBUG] 2021/04/01 14:10:41.503993 replica.go:258: [4] the last view lasts 3 milliseconds, current view: 7
[DEBUG] 2021/04/01 14:10:41.504027 hotstuff.go:136: [1] not sufficient votes to build a QC, block id: dabc19c9b1171a995dc78103853b40a2d2f9a971ea0955ce91c70a67c759a395
[DEBUG] 2021/04/01 14:10:41.504095 replica.go:207: [1] is processing new view: 7, leader is 2
[DEBUG] 2021/04/01 14:10:41.504137 hotstuff.go:122: [1] is processing the vote, block id: dabc19c9b1171a995dc78103853b40a2d2f9a971ea0955ce91c70a67c759a395
[DEBUG] 2021/04/01 14:10:41.504222 replica.go:138: [1] received a vote frm 4, blockID is dabc19c9b1171a995dc78103853b40a2d2f9a971ea0955ce91c70a67c759a395
[DEBUG] 2021/04/01 14:10:41.504110 replica.go:258: [1] the last view lasts 3 milliseconds, current view: 7
[DEBUG] 2021/04/01 14:10:41.504377 hotstuff.go:226: [1] is processing a QC, block id: dabc19c9b1171a995dc78103853b40a2d2f9a971ea0955ce91c70a67c759a395
[DEBUG] 2021/04/01 14:10:41.504762 hotstuff.go:122: [1] is processing the vote, block id: dabc19c9b1171a995dc78103853b40a2d2f9a971ea0955ce91c70a67c759a395
[INFO] 2021/04/01 14:10:41.504905 replica.go:193: [1] the block is committed, No. of transactions: 3, view: 5, current view: 8, id: 9d5d554a593d85a3449ebb3e5af12dab86d5779b9792d9f0719c3578d8598593
[DEBUG] 2021/04/01 14:10:41.505059 hotstuff.go:136: [1] not sufficient votes to build a QC, block id: dabc19c9b1171a995dc78103853b40a2d2f9a971ea0955ce91c70a67c759a395
[DEBUG] 2021/04/01 14:10:41.505108 replica.go:207: [1] is processing new view: 8, leader is 1
[DEBUG] 2021/04/01 14:10:41.505237 replica.go:258: [1] the last view lasts 1 milliseconds, current view: 8
[DEBUG] 2021/04/01 14:10:41.505292 hotstuff.go:55: [1] is processing block from 1, view: 8, id: 32ce9fc9f924c833313eb050a2f1b8367a452e92f5394262f85efc4f6df8232a
[DEBUG] 2021/04/01 14:10:41.505316 hotstuff.go:226: [1] is processing a QC, block id: dabc19c9b1171a995dc78103853b40a2d2f9a971ea0955ce91c70a67c759a395
[DEBUG] 2021/04/01 14:10:41.505407 hotstuff.go:110: [1] vote is sent to 4, id: 32ce9fc9f924c833313eb050a2f1b8367a452e92f5394262f85efc4f6df8232a
[DEBUG] 2021/04/01 14:10:41.505799 replica.go:129: [3] received a block from 1, view is 8, id: 32ce9fc9f924c833313eb050a2f1b8367a452e92f5394262f85efc4f6df8232a, prevID: dabc19c9b1171a995dc78103853b40a2d2f9a971ea0955ce91c70a67c759a395
[DEBUG] 2021/04/01 14:10:41.505865 hotstuff.go:55: [3] is processing block from 1, view: 8, id: 32ce9fc9f924c833313eb050a2f1b8367a452e92f5394262f85efc4f6df8232a
[DEBUG] 2021/04/01 14:10:41.506086 hotstuff.go:226: [3] is processing a QC, block id: dabc19c9b1171a995dc78103853b40a2d2f9a971ea0955ce91c70a67c759a395
[DEBUG] 2021/04/01 14:10:41.506174 replica.go:129: [2] received a block from 1, view is 8, id: 32ce9fc9f924c833313eb050a2f1b8367a452e92f5394262f85efc4f6df8232a, prevID: dabc19c9b1171a995dc78103853b40a2d2f9a971ea0955ce91c70a67c759a395
[DEBUG] 2021/04/01 14:10:41.506225 hotstuff.go:55: [2] is processing block from 1, view: 8, id: 32ce9fc9f924c833313eb050a2f1b8367a452e92f5394262f85efc4f6df8232a
[DEBUG] 2021/04/01 14:10:41.506230 replica.go:129: [4] received a block from 1, view is 8, id: 32ce9fc9f924c833313eb050a2f1b8367a452e92f5394262f85efc4f6df8232a, prevID: dabc19c9b1171a995dc78103853b40a2d2f9a971ea0955ce91c70a67c759a395
[DEBUG] 2021/04/01 14:10:41.506487 replica.go:138: [4] received a vote frm 1, blockID is 32ce9fc9f924c833313eb050a2f1b8367a452e92f5394262f85efc4f6df8232a
[DEBUG] 2021/04/01 14:10:41.506500 hotstuff.go:226: [2] is processing a QC, block id: dabc19c9b1171a995dc78103853b40a2d2f9a971ea0955ce91c70a67c759a395
[DEBUG] 2021/04/01 14:10:41.506540 hotstuff.go:55: [4] is processing block from 1, view: 8, id: 32ce9fc9f924c833313eb050a2f1b8367a452e92f5394262f85efc4f6df8232a
[DEBUG] 2021/04/01 14:10:41.506776 hotstuff.go:226: [4] is processing a QC, block id: dabc19c9b1171a995dc78103853b40a2d2f9a971ea0955ce91c70a67c759a395
[DEBUG] 2021/04/01 14:10:41.507011 hotstuff.go:110: [3] vote is sent to 4, id: 32ce9fc9f924c833313eb050a2f1b8367a452e92f5394262f85efc4f6df8232a
[DEBUG] 2021/04/01 14:10:41.507106 replica.go:258: [3] the last view lasts 3 milliseconds, current view: 8
[DEBUG] 2021/04/01 14:10:41.507133 replica.go:207: [3] is processing new view: 8, leader is 1
[INFO] 2021/04/01 14:10:41.507162 replica.go:193: [3] the block is committed, No. of transactions: 3, view: 5, current view: 8, id: 9d5d554a593d85a3449ebb3e5af12dab86d5779b9792d9f0719c3578d8598593
[DEBUG] 2021/04/01 14:10:41.507261 hotstuff.go:110: [2] vote is sent to 4, id: 32ce9fc9f924c833313eb050a2f1b8367a452e92f5394262f85efc4f6df8232a
[DEBUG] 2021/04/01 14:10:41.507287 replica.go:207: [2] is processing new view: 8, leader is 1
[DEBUG] 2021/04/01 14:10:41.507304 replica.go:258: [2] the last view lasts 5 milliseconds, current view: 8
[INFO] 2021/04/01 14:10:41.507303 replica.go:193: [2] the block is committed, No. of transactions: 3, view: 5, current view: 8, id: 9d5d554a593d85a3449ebb3e5af12dab86d5779b9792d9f0719c3578d8598593
[INFO] 2021/04/01 14:10:41.507595 replica.go:193: [4] the block is committed, No. of transactions: 3, view: 5, current view: 8, id: 9d5d554a593d85a3449ebb3e5af12dab86d5779b9792d9f0719c3578d8598593
[DEBUG] 2021/04/01 14:10:41.507677 hotstuff.go:107: [4] vote is sent to itself, id: 32ce9fc9f924c833313eb050a2f1b8367a452e92f5394262f85efc4f6df8232a
[DEBUG] 2021/04/01 14:10:41.507703 hotstuff.go:122: [4] is processing the vote, block id: 32ce9fc9f924c833313eb050a2f1b8367a452e92f5394262f85efc4f6df8232a
[DEBUG] 2021/04/01 14:10:41.507723 hotstuff.go:136: [4] not sufficient votes to build a QC, block id: 32ce9fc9f924c833313eb050a2f1b8367a452e92f5394262f85efc4f6df8232a
[DEBUG] 2021/04/01 14:10:41.507768 hotstuff.go:122: [4] is processing the vote, block id: 32ce9fc9f924c833313eb050a2f1b8367a452e92f5394262f85efc4f6df8232a
[DEBUG] 2021/04/01 14:10:41.508069 hotstuff.go:136: [4] not sufficient votes to build a QC, block id: 32ce9fc9f924c833313eb050a2f1b8367a452e92f5394262f85efc4f6df8232a
[DEBUG] 2021/04/01 14:10:41.508104 replica.go:207: [4] is processing new view: 8, leader is 1
[DEBUG] 2021/04/01 14:10:41.508125 replica.go:258: [4] the last view lasts 3 milliseconds, current view: 8
[DEBUG] 2021/04/01 14:10:41.508446 replica.go:138: [4] received a vote frm 3, blockID is 32ce9fc9f924c833313eb050a2f1b8367a452e92f5394262f85efc4f6df8232a
[DEBUG] 2021/04/01 14:10:41.508505 replica.go:138: [4] received a vote frm 2, blockID is 32ce9fc9f924c833313eb050a2f1b8367a452e92f5394262f85efc4f6df8232a
[DEBUG] 2021/04/01 14:10:41.508681 hotstuff.go:122: [4] is processing the vote, block id: 32ce9fc9f924c833313eb050a2f1b8367a452e92f5394262f85efc4f6df8232a
[DEBUG] 2021/04/01 14:10:41.508959 hotstuff.go:226: [4] is processing a QC, block id: 32ce9fc9f924c833313eb050a2f1b8367a452e92f5394262f85efc4f6df8232a
[DEBUG] 2021/04/01 14:10:41.509568 hotstuff.go:122: [4] is processing the vote, block id: 32ce9fc9f924c833313eb050a2f1b8367a452e92f5394262f85efc4f6df8232a
[INFO] 2021/04/01 14:10:41.509585 replica.go:193: [4] the block is committed, No. of transactions: 27, view: 6, current view: 9, id: 765a04055687931c5db4d9b38b1bf31cb551729584ec511da2b2515734f3aae8
[DEBUG] 2021/04/01 14:10:41.509758 hotstuff.go:136: [4] not sufficient votes to build a QC, block id: 32ce9fc9f924c833313eb050a2f1b8367a452e92f5394262f85efc4f6df8232a
[DEBUG] 2021/04/01 14:10:41.509793 replica.go:207: [4] is processing new view: 9, leader is 4
[DEBUG] 2021/04/01 14:10:41.509986 hotstuff.go:55: [4] is processing block from 4, view: 9, id: c3d5b2d10968095f616e8f5743b8d1590706137945fc9aa85dcf067c5caacf80
[DEBUG] 2021/04/01 14:10:41.510042 hotstuff.go:226: [4] is processing a QC, block id: 32ce9fc9f924c833313eb050a2f1b8367a452e92f5394262f85efc4f6df8232a
[DEBUG] 2021/04/01 14:10:41.510212 hotstuff.go:110: [4] vote is sent to 1, id: c3d5b2d10968095f616e8f5743b8d1590706137945fc9aa85dcf067c5caacf80
[DEBUG] 2021/04/01 14:10:41.510012 replica.go:258: [4] the last view lasts 2 milliseconds, current view: 9
[DEBUG] 2021/04/01 14:10:41.510451 replica.go:129: [1] received a block from 4, view is 9, id: c3d5b2d10968095f616e8f5743b8d1590706137945fc9aa85dcf067c5caacf80, prevID: 32ce9fc9f924c833313eb050a2f1b8367a452e92f5394262f85efc4f6df8232a
[DEBUG] 2021/04/01 14:10:41.510508 replica.go:138: [1] received a vote frm 4, blockID is c3d5b2d10968095f616e8f5743b8d1590706137945fc9aa85dcf067c5caacf80
[DEBUG] 2021/04/01 14:10:41.510484 replica.go:129: [3] received a block from 4, view is 9, id: c3d5b2d10968095f616e8f5743b8d1590706137945fc9aa85dcf067c5caacf80, prevID: 32ce9fc9f924c833313eb050a2f1b8367a452e92f5394262f85efc4f6df8232a
[DEBUG] 2021/04/01 14:10:41.510552 replica.go:129: [2] received a block from 4, view is 9, id: c3d5b2d10968095f616e8f5743b8d1590706137945fc9aa85dcf067c5caacf80, prevID: 32ce9fc9f924c833313eb050a2f1b8367a452e92f5394262f85efc4f6df8232a
[DEBUG] 2021/04/01 14:10:41.510593 hotstuff.go:55: [2] is processing block from 4, view: 9, id: c3d5b2d10968095f616e8f5743b8d1590706137945fc9aa85dcf067c5caacf80
[DEBUG] 2021/04/01 14:10:41.510522 hotstuff.go:55: [1] is processing block from 4, view: 9, id: c3d5b2d10968095f616e8f5743b8d1590706137945fc9aa85dcf067c5caacf80
[DEBUG] 2021/04/01 14:10:41.510563 hotstuff.go:55: [3] is processing block from 4, view: 9, id: c3d5b2d10968095f616e8f5743b8d1590706137945fc9aa85dcf067c5caacf80
[DEBUG] 2021/04/01 14:10:41.510820 hotstuff.go:226: [2] is processing a QC, block id: 32ce9fc9f924c833313eb050a2f1b8367a452e92f5394262f85efc4f6df8232a
[DEBUG] 2021/04/01 14:10:41.510853 hotstuff.go:226: [1] is processing a QC, block id: 32ce9fc9f924c833313eb050a2f1b8367a452e92f5394262f85efc4f6df8232a
[DEBUG] 2021/04/01 14:10:41.510925 hotstuff.go:226: [3] is processing a QC, block id: 32ce9fc9f924c833313eb050a2f1b8367a452e92f5394262f85efc4f6df8232a
[DEBUG] 2021/04/01 14:10:41.511633 hotstuff.go:110: [2] vote is sent to 1, id: c3d5b2d10968095f616e8f5743b8d1590706137945fc9aa85dcf067c5caacf80
[DEBUG] 2021/04/01 14:10:41.511709 hotstuff.go:107: [1] vote is sent to itself, id: c3d5b2d10968095f616e8f5743b8d1590706137945fc9aa85dcf067c5caacf80
[INFO] 2021/04/01 14:10:41.511739 replica.go:193: [3] the block is committed, No. of transactions: 27, view: 6, current view: 9, id: 765a04055687931c5db4d9b38b1bf31cb551729584ec511da2b2515734f3aae8
[INFO] 2021/04/01 14:10:41.511759 replica.go:193: [1] the block is committed, No. of transactions: 27, view: 6, current view: 9, id: 765a04055687931c5db4d9b38b1bf31cb551729584ec511da2b2515734f3aae8
[INFO] 2021/04/01 14:10:41.511762 replica.go:193: [2] the block is committed, No. of transactions: 27, view: 6, current view: 9, id: 765a04055687931c5db4d9b38b1bf31cb551729584ec511da2b2515734f3aae8
[DEBUG] 2021/04/01 14:10:41.511737 replica.go:258: [2] the last view lasts 4 milliseconds, current view: 9
[DEBUG] 2021/04/01 14:10:41.511750 replica.go:207: [2] is processing new view: 9, leader is 4
[DEBUG] 2021/04/01 14:10:41.511737 hotstuff.go:122: [1] is processing the vote, block id: c3d5b2d10968095f616e8f5743b8d1590706137945fc9aa85dcf067c5caacf80
[DEBUG] 2021/04/01 14:10:41.511964 hotstuff.go:136: [1] not sufficient votes to build a QC, block id: c3d5b2d10968095f616e8f5743b8d1590706137945fc9aa85dcf067c5caacf80
[DEBUG] 2021/04/01 14:10:41.512010 hotstuff.go:122: [1] is processing the vote, block id: c3d5b2d10968095f616e8f5743b8d1590706137945fc9aa85dcf067c5caacf80
[DEBUG] 2021/04/01 14:10:41.511731 hotstuff.go:110: [3] vote is sent to 1, id: c3d5b2d10968095f616e8f5743b8d1590706137945fc9aa85dcf067c5caacf80
[DEBUG] 2021/04/01 14:10:41.512104 replica.go:207: [3] is processing new view: 9, leader is 4
[DEBUG] 2021/04/01 14:10:41.512125 replica.go:258: [3] the last view lasts 4 milliseconds, current view: 9
[DEBUG] 2021/04/01 14:10:41.512190 replica.go:138: [1] received a vote frm 2, blockID is c3d5b2d10968095f616e8f5743b8d1590706137945fc9aa85dcf067c5caacf80
[DEBUG] 2021/04/01 14:10:41.512261 hotstuff.go:136: [1] not sufficient votes to build a QC, block id: c3d5b2d10968095f616e8f5743b8d1590706137945fc9aa85dcf067c5caacf80
[DEBUG] 2021/04/01 14:10:41.512283 replica.go:207: [1] is processing new view: 9, leader is 4
[DEBUG] 2021/04/01 14:10:41.512296 replica.go:258: [1] the last view lasts 6 milliseconds, current view: 9
[DEBUG] 2021/04/01 14:10:41.512300 hotstuff.go:122: [1] is processing the vote, block id: c3d5b2d10968095f616e8f5743b8d1590706137945fc9aa85dcf067c5caacf80
[DEBUG] 2021/04/01 14:10:41.512310 replica.go:138: [1] received a vote frm 3, blockID is c3d5b2d10968095f616e8f5743b8d1590706137945fc9aa85dcf067c5caacf80
[DEBUG] 2021/04/01 14:10:41.512470 hotstuff.go:226: [1] is processing a QC, block id: c3d5b2d10968095f616e8f5743b8d1590706137945fc9aa85dcf067c5caacf80
[DEBUG] 2021/04/01 14:10:41.513060 hotstuff.go:122: [1] is processing the vote, block id: c3d5b2d10968095f616e8f5743b8d1590706137945fc9aa85dcf067c5caacf80
[DEBUG] 2021/04/01 14:10:41.513318 hotstuff.go:136: [1] not sufficient votes to build a QC, block id: c3d5b2d10968095f616e8f5743b8d1590706137945fc9aa85dcf067c5caacf80
[INFO] 2021/04/01 14:10:41.513358 replica.go:193: [1] the block is committed, No. of transactions: 4, view: 7, current view: 10, id: dabc19c9b1171a995dc78103853b40a2d2f9a971ea0955ce91c70a67c759a395
[DEBUG] 2021/04/01 14:10:41.513356 replica.go:258: [1] the last view lasts 1 milliseconds, current view: 10
[DEBUG] 2021/04/01 14:10:41.513371 replica.go:207: [1] is processing new view: 10, leader is 1
[DEBUG] 2021/04/01 14:10:41.513595 hotstuff.go:55: [1] is processing block from 1, view: 10, id: 93441cbec4047b014af05f595db8865ba30a408f04d13b9428767d8c87658519
[DEBUG] 2021/04/01 14:10:41.513632 hotstuff.go:226: [1] is processing a QC, block id: c3d5b2d10968095f616e8f5743b8d1590706137945fc9aa85dcf067c5caacf80
[DEBUG] 2021/04/01 14:10:41.513775 hotstuff.go:110: [1] vote is sent to 3, id: 93441cbec4047b014af05f595db8865ba30a408f04d13b9428767d8c87658519
[DEBUG] 2021/04/01 14:10:41.513934 replica.go:129: [3] received a block from 1, view is 10, id: 93441cbec4047b014af05f595db8865ba30a408f04d13b9428767d8c87658519, prevID: c3d5b2d10968095f616e8f5743b8d1590706137945fc9aa85dcf067c5caacf80
[DEBUG] 2021/04/01 14:10:41.513977 replica.go:138: [3] received a vote frm 1, blockID is 93441cbec4047b014af05f595db8865ba30a408f04d13b9428767d8c87658519
[DEBUG] 2021/04/01 14:10:41.513939 replica.go:129: [2] received a block from 1, view is 10, id: 93441cbec4047b014af05f595db8865ba30a408f04d13b9428767d8c87658519, prevID: c3d5b2d10968095f616e8f5743b8d1590706137945fc9aa85dcf067c5caacf80
[DEBUG] 2021/04/01 14:10:41.514012 hotstuff.go:55: [2] is processing block from 1, view: 10, id: 93441cbec4047b014af05f595db8865ba30a408f04d13b9428767d8c87658519
[DEBUG] 2021/04/01 14:10:41.514020 replica.go:129: [4] received a block from 1, view is 10, id: 93441cbec4047b014af05f595db8865ba30a408f04d13b9428767d8c87658519, prevID: c3d5b2d10968095f616e8f5743b8d1590706137945fc9aa85dcf067c5caacf80
[DEBUG] 2021/04/01 14:10:41.514291 hotstuff.go:55: [4] is processing block from 1, view: 10, id: 93441cbec4047b014af05f595db8865ba30a408f04d13b9428767d8c87658519
[DEBUG] 2021/04/01 14:10:41.513997 hotstuff.go:55: [3] is processing block from 1, view: 10, id: 93441cbec4047b014af05f595db8865ba30a408f04d13b9428767d8c87658519
[DEBUG] 2021/04/01 14:10:41.514309 hotstuff.go:226: [2] is processing a QC, block id: c3d5b2d10968095f616e8f5743b8d1590706137945fc9aa85dcf067c5caacf80
[DEBUG] 2021/04/01 14:10:41.514540 hotstuff.go:226: [3] is processing a QC, block id: c3d5b2d10968095f616e8f5743b8d1590706137945fc9aa85dcf067c5caacf80
[DEBUG] 2021/04/01 14:10:41.514523 hotstuff.go:226: [4] is processing a QC, block id: c3d5b2d10968095f616e8f5743b8d1590706137945fc9aa85dcf067c5caacf80
[DEBUG] 2021/04/01 14:10:41.515264 hotstuff.go:110: [2] vote is sent to 3, id: 93441cbec4047b014af05f595db8865ba30a408f04d13b9428767d8c87658519
[INFO] 2021/04/01 14:10:41.515303 replica.go:193: [3] the block is committed, No. of transactions: 4, view: 7, current view: 10, id: dabc19c9b1171a995dc78103853b40a2d2f9a971ea0955ce91c70a67c759a395
[DEBUG] 2021/04/01 14:10:41.515340 replica.go:258: [2] the last view lasts 3 milliseconds, current view: 10
[DEBUG] 2021/04/01 14:10:41.515366 replica.go:207: [2] is processing new view: 10, leader is 1
[INFO] 2021/04/01 14:10:41.515406 replica.go:193: [2] the block is committed, No. of transactions: 4, view: 7, current view: 10, id: dabc19c9b1171a995dc78103853b40a2d2f9a971ea0955ce91c70a67c759a395
[DEBUG] 2021/04/01 14:10:41.515295 hotstuff.go:107: [3] vote is sent to itself, id: 93441cbec4047b014af05f595db8865ba30a408f04d13b9428767d8c87658519
[DEBUG] 2021/04/01 14:10:41.515452 hotstuff.go:122: [3] is processing the vote, block id: 93441cbec4047b014af05f595db8865ba30a408f04d13b9428767d8c87658519
[DEBUG] 2021/04/01 14:10:41.515479 hotstuff.go:136: [3] not sufficient votes to build a QC, block id: 93441cbec4047b014af05f595db8865ba30a408f04d13b9428767d8c87658519
[DEBUG] 2021/04/01 14:10:41.515499 hotstuff.go:122: [3] is processing the vote, block id: 93441cbec4047b014af05f595db8865ba30a408f04d13b9428767d8c87658519
[DEBUG] 2021/04/01 14:10:41.515602 hotstuff.go:110: [4] vote is sent to 3, id: 93441cbec4047b014af05f595db8865ba30a408f04d13b9428767d8c87658519
[DEBUG] 2021/04/01 14:10:41.515635 replica.go:207: [4] is processing new view: 10, leader is 1
[DEBUG] 2021/04/01 14:10:41.515610 replica.go:138: [3] received a vote frm 2, blockID is 93441cbec4047b014af05f595db8865ba30a408f04d13b9428767d8c87658519
[INFO] 2021/04/01 14:10:41.515609 replica.go:193: [4] the block is committed, No. of transactions: 4, view: 7, current view: 10, id: dabc19c9b1171a995dc78103853b40a2d2f9a971ea0955ce91c70a67c759a395
[DEBUG] 2021/04/01 14:10:41.515743 hotstuff.go:136: [3] not sufficient votes to build a QC, block id: 93441cbec4047b014af05f595db8865ba30a408f04d13b9428767d8c87658519
[DEBUG] 2021/04/01 14:10:41.515869 replica.go:207: [3] is processing new view: 10, leader is 1
[DEBUG] 2021/04/01 14:10:41.515897 hotstuff.go:122: [3] is processing the vote, block id: 93441cbec4047b014af05f595db8865ba30a408f04d13b9428767d8c87658519
[DEBUG] 2021/04/01 14:10:41.515793 replica.go:258: [4] the last view lasts 5 milliseconds, current view: 10
[DEBUG] 2021/04/01 14:10:41.515997 replica.go:258: [3] the last view lasts 3 milliseconds, current view: 10
[DEBUG] 2021/04/01 14:10:41.516072 replica.go:138: [3] received a vote frm 4, blockID is 93441cbec4047b014af05f595db8865ba30a408f04d13b9428767d8c87658519
[DEBUG] 2021/04/01 14:10:41.516200 hotstuff.go:226: [3] is processing a QC, block id: 93441cbec4047b014af05f595db8865ba30a408f04d13b9428767d8c87658519
[DEBUG] 2021/04/01 14:10:41.516645 hotstuff.go:122: [3] is processing the vote, block id: 93441cbec4047b014af05f595db8865ba30a408f04d13b9428767d8c87658519
[INFO] 2021/04/01 14:10:41.516702 replica.go:193: [3] the block is committed, No. of transactions: 35, view: 8, current view: 11, id: 32ce9fc9f924c833313eb050a2f1b8367a452e92f5394262f85efc4f6df8232a
[DEBUG] 2021/04/01 14:10:41.516852 hotstuff.go:136: [3] not sufficient votes to build a QC, block id: 93441cbec4047b014af05f595db8865ba30a408f04d13b9428767d8c87658519
[DEBUG] 2021/04/01 14:10:41.516951 replica.go:207: [3] is processing new view: 11, leader is 3
[DEBUG] 2021/04/01 14:10:41.517162 hotstuff.go:55: [3] is processing block from 3, view: 11, id: 6c4e828db5190710c403977ecd2d323be2321ed00e05a6c13938876618b5a67d
[DEBUG] 2021/04/01 14:10:41.517192 hotstuff.go:226: [3] is processing a QC, block id: 93441cbec4047b014af05f595db8865ba30a408f04d13b9428767d8c87658519
[DEBUG] 2021/04/01 14:10:41.517312 hotstuff.go:107: [3] vote is sent to itself, id: 6c4e828db5190710c403977ecd2d323be2321ed00e05a6c13938876618b5a67d
[DEBUG] 2021/04/01 14:10:41.517338 hotstuff.go:122: [3] is processing the vote, block id: 6c4e828db5190710c403977ecd2d323be2321ed00e05a6c13938876618b5a67d
[DEBUG] 2021/04/01 14:10:41.517357 hotstuff.go:136: [3] not sufficient votes to build a QC, block id: 6c4e828db5190710c403977ecd2d323be2321ed00e05a6c13938876618b5a67d
[DEBUG] 2021/04/01 14:10:41.517436 replica.go:258: [3] the last view lasts 1 milliseconds, current view: 11
[DEBUG] 2021/04/01 14:10:41.517608 replica.go:129: [1] received a block from 3, view is 11, id: 6c4e828db5190710c403977ecd2d323be2321ed00e05a6c13938876618b5a67d, prevID: 93441cbec4047b014af05f595db8865ba30a408f04d13b9428767d8c87658519
[DEBUG] 2021/04/01 14:10:41.517655 replica.go:129: [4] received a block from 3, view is 11, id: 6c4e828db5190710c403977ecd2d323be2321ed00e05a6c13938876618b5a67d, prevID: 93441cbec4047b014af05f595db8865ba30a408f04d13b9428767d8c87658519
[DEBUG] 2021/04/01 14:10:41.517692 hotstuff.go:55: [4] is processing block from 3, view: 11, id: 6c4e828db5190710c403977ecd2d323be2321ed00e05a6c13938876618b5a67d
[DEBUG] 2021/04/01 14:10:41.517621 replica.go:129: [2] received a block from 3, view is 11, id: 6c4e828db5190710c403977ecd2d323be2321ed00e05a6c13938876618b5a67d, prevID: 93441cbec4047b014af05f595db8865ba30a408f04d13b9428767d8c87658519
[DEBUG] 2021/04/01 14:10:41.517753 hotstuff.go:55: [2] is processing block from 3, view: 11, id: 6c4e828db5190710c403977ecd2d323be2321ed00e05a6c13938876618b5a67d
[DEBUG] 2021/04/01 14:10:41.517662 hotstuff.go:55: [1] is processing block from 3, view: 11, id: 6c4e828db5190710c403977ecd2d323be2321ed00e05a6c13938876618b5a67d
[DEBUG] 2021/04/01 14:10:41.517967 hotstuff.go:226: [4] is processing a QC, block id: 93441cbec4047b014af05f595db8865ba30a408f04d13b9428767d8c87658519
[DEBUG] 2021/04/01 14:10:41.518018 hotstuff.go:226: [2] is processing a QC, block id: 93441cbec4047b014af05f595db8865ba30a408f04d13b9428767d8c87658519
[DEBUG] 2021/04/01 14:10:41.518164 hotstuff.go:226: [1] is processing a QC, block id: 93441cbec4047b014af05f595db8865ba30a408f04d13b9428767d8c87658519
[DEBUG] 2021/04/01 14:10:41.518604 hotstuff.go:110: [4] vote is sent to 3, id: 6c4e828db5190710c403977ecd2d323be2321ed00e05a6c13938876618b5a67d
[DEBUG] 2021/04/01 14:10:41.518676 replica.go:258: [4] the last view lasts 3 milliseconds, current view: 11
[DEBUG] 2021/04/01 14:10:41.518704 replica.go:207: [4] is processing new view: 11, leader is 3
[DEBUG] 2021/04/01 14:10:41.518722 hotstuff.go:110: [2] vote is sent to 3, id: 6c4e828db5190710c403977ecd2d323be2321ed00e05a6c13938876618b5a67d
[DEBUG] 2021/04/01 14:10:41.518787 replica.go:258: [2] the last view lasts 3 milliseconds, current view: 11
[DEBUG] 2021/04/01 14:10:41.518907 replica.go:207: [2] is processing new view: 11, leader is 3
[DEBUG] 2021/04/01 14:10:41.518918 hotstuff.go:110: [1] vote is sent to 3, id: 6c4e828db5190710c403977ecd2d323be2321ed00e05a6c13938876618b5a67d
[DEBUG] 2021/04/01 14:10:41.518971 replica.go:258: [1] the last view lasts 5 milliseconds, current view: 11
[INFO] 2021/04/01 14:10:41.518727 replica.go:193: [4] the block is committed, No. of transactions: 35, view: 8, current view: 11, id: 32ce9fc9f924c833313eb050a2f1b8367a452e92f5394262f85efc4f6df8232a
[INFO] 2021/04/01 14:10:41.518934 replica.go:193: [1] the block is committed, No. of transactions: 35, view: 8, current view: 11, id: 32ce9fc9f924c833313eb050a2f1b8367a452e92f5394262f85efc4f6df8232a
[DEBUG] 2021/04/01 14:10:41.519007 replica.go:207: [1] is processing new view: 11, leader is 3
[INFO] 2021/04/01 14:10:41.518988 replica.go:193: [2] the block is committed, No. of transactions: 35, view: 8, current view: 11, id: 32ce9fc9f924c833313eb050a2f1b8367a452e92f5394262f85efc4f6df8232a
[DEBUG] 2021/04/01 14:10:41.519013 replica.go:138: [3] received a vote frm 2, blockID is 6c4e828db5190710c403977ecd2d323be2321ed00e05a6c13938876618b5a67d
[DEBUG] 2021/04/01 14:10:41.519171 replica.go:138: [3] received a vote frm 4, blockID is 6c4e828db5190710c403977ecd2d323be2321ed00e05a6c13938876618b5a67d
[DEBUG] 2021/04/01 14:10:41.519193 hotstuff.go:122: [3] is processing the vote, block id: 6c4e828db5190710c403977ecd2d323be2321ed00e05a6c13938876618b5a67d
[DEBUG] 2021/04/01 14:10:41.519475 hotstuff.go:136: [3] not sufficient votes to build a QC, block id: 6c4e828db5190710c403977ecd2d323be2321ed00e05a6c13938876618b5a67d
[DEBUG] 2021/04/01 14:10:41.519509 hotstuff.go:122: [3] is processing the vote, block id: 6c4e828db5190710c403977ecd2d323be2321ed00e05a6c13938876618b5a67d
[DEBUG] 2021/04/01 14:10:41.519613 replica.go:138: [3] received a vote frm 1, blockID is 6c4e828db5190710c403977ecd2d323be2321ed00e05a6c13938876618b5a67d
[DEBUG] 2021/04/01 14:10:41.519782 hotstuff.go:226: [3] is processing a QC, block id: 6c4e828db5190710c403977ecd2d323be2321ed00e05a6c13938876618b5a67d
[DEBUG] 2021/04/01 14:10:41.520641 hotstuff.go:122: [3] is processing the vote, block id: 6c4e828db5190710c403977ecd2d323be2321ed00e05a6c13938876618b5a67d
[INFO] 2021/04/01 14:10:41.520652 replica.go:193: [3] the block is committed, No. of transactions: 26, view: 9, current view: 12, id: c3d5b2d10968095f616e8f5743b8d1590706137945fc9aa85dcf067c5caacf80
[DEBUG] 2021/04/01 14:10:41.520902 hotstuff.go:136: [3] not sufficient votes to build a QC, block id: 6c4e828db5190710c403977ecd2d323be2321ed00e05a6c13938876618b5a67d
[DEBUG] 2021/04/01 14:10:41.520955 replica.go:207: [3] is processing new view: 12, leader is 3
[DEBUG] 2021/04/01 14:10:41.521135 hotstuff.go:55: [3] is processing block from 3, view: 12, id: 8d037b414346ee7820231b34d51e16b4c66259a692961274d5697dd70f9c7542
[DEBUG] 2021/04/01 14:10:41.521166 hotstuff.go:226: [3] is processing a QC, block id: 6c4e828db5190710c403977ecd2d323be2321ed00e05a6c13938876618b5a67d
[DEBUG] 2021/04/01 14:10:41.521302 hotstuff.go:110: [3] vote is sent to 4, id: 8d037b414346ee7820231b34d51e16b4c66259a692961274d5697dd70f9c7542
[DEBUG] 2021/04/01 14:10:41.521386 replica.go:258: [3] the last view lasts 3 milliseconds, current view: 12
[DEBUG] 2021/04/01 14:10:41.521487 replica.go:129: [2] received a block from 3, view is 12, id: 8d037b414346ee7820231b34d51e16b4c66259a692961274d5697dd70f9c7542, prevID: 6c4e828db5190710c403977ecd2d323be2321ed00e05a6c13938876618b5a67d
[DEBUG] 2021/04/01 14:10:41.521546 hotstuff.go:55: [2] is processing block from 3, view: 12, id: 8d037b414346ee7820231b34d51e16b4c66259a692961274d5697dd70f9c7542
[DEBUG] 2021/04/01 14:10:41.521501 replica.go:129: [4] received a block from 3, view is 12, id: 8d037b414346ee7820231b34d51e16b4c66259a692961274d5697dd70f9c7542, prevID: 6c4e828db5190710c403977ecd2d323be2321ed00e05a6c13938876618b5a67d
[DEBUG] 2021/04/01 14:10:41.521600 replica.go:138: [4] received a vote frm 3, blockID is 8d037b414346ee7820231b34d51e16b4c66259a692961274d5697dd70f9c7542
[DEBUG] 2021/04/01 14:10:41.521623 hotstuff.go:55: [4] is processing block from 3, view: 12, id: 8d037b414346ee7820231b34d51e16b4c66259a692961274d5697dd70f9c7542
[DEBUG] 2021/04/01 14:10:41.521581 replica.go:129: [1] received a block from 3, view is 12, id: 8d037b414346ee7820231b34d51e16b4c66259a692961274d5697dd70f9c7542, prevID: 6c4e828db5190710c403977ecd2d323be2321ed00e05a6c13938876618b5a67d
[DEBUG] 2021/04/01 14:10:41.521698 hotstuff.go:55: [1] is processing block from 3, view: 12, id: 8d037b414346ee7820231b34d51e16b4c66259a692961274d5697dd70f9c7542
[DEBUG] 2021/04/01 14:10:41.521771 hotstuff.go:226: [2] is processing a QC, block id: 6c4e828db5190710c403977ecd2d323be2321ed00e05a6c13938876618b5a67d
[DEBUG] 2021/04/01 14:10:41.521855 hotstuff.go:226: [4] is processing a QC, block id: 6c4e828db5190710c403977ecd2d323be2321ed00e05a6c13938876618b5a67d
[DEBUG] 2021/04/01 14:10:41.522016 hotstuff.go:226: [1] is processing a QC, block id: 6c4e828db5190710c403977ecd2d323be2321ed00e05a6c13938876618b5a67d
[DEBUG] 2021/04/01 14:10:41.522544 hotstuff.go:110: [2] vote is sent to 4, id: 8d037b414346ee7820231b34d51e16b4c66259a692961274d5697dd70f9c7542
[INFO] 2021/04/01 14:10:41.522670 replica.go:193: [2] the block is committed, No. of transactions: 26, view: 9, current view: 12, id: c3d5b2d10968095f616e8f5743b8d1590706137945fc9aa85dcf067c5caacf80
[DEBUG] 2021/04/01 14:10:41.522654 replica.go:207: [2] is processing new view: 12, leader is 3
[DEBUG] 2021/04/01 14:10:41.522763 hotstuff.go:107: [4] vote is sent to itself, id: 8d037b414346ee7820231b34d51e16b4c66259a692961274d5697dd70f9c7542
[DEBUG] 2021/04/01 14:10:41.522791 hotstuff.go:122: [4] is processing the vote, block id: 8d037b414346ee7820231b34d51e16b4c66259a692961274d5697dd70f9c7542
[DEBUG] 2021/04/01 14:10:41.522811 hotstuff.go:136: [4] not sufficient votes to build a QC, block id: 8d037b414346ee7820231b34d51e16b4c66259a692961274d5697dd70f9c7542
[DEBUG] 2021/04/01 14:10:41.522858 hotstuff.go:122: [4] is processing the vote, block id: 8d037b414346ee7820231b34d51e16b4c66259a692961274d5697dd70f9c7542
[DEBUG] 2021/04/01 14:10:41.522766 replica.go:258: [2] the last view lasts 3 milliseconds, current view: 12
[INFO] 2021/04/01 14:10:41.522837 replica.go:193: [1] the block is committed, No. of transactions: 26, view: 9, current view: 12, id: c3d5b2d10968095f616e8f5743b8d1590706137945fc9aa85dcf067c5caacf80
[INFO] 2021/04/01 14:10:41.522994 replica.go:193: [4] the block is committed, No. of transactions: 26, view: 9, current view: 12, id: c3d5b2d10968095f616e8f5743b8d1590706137945fc9aa85dcf067c5caacf80
[DEBUG] 2021/04/01 14:10:41.523137 hotstuff.go:136: [4] not sufficient votes to build a QC, block id: 8d037b414346ee7820231b34d51e16b4c66259a692961274d5697dd70f9c7542
[DEBUG] 2021/04/01 14:10:41.522829 hotstuff.go:110: [1] vote is sent to 4, id: 8d037b414346ee7820231b34d51e16b4c66259a692961274d5697dd70f9c7542
[DEBUG] 2021/04/01 14:10:41.523181 replica.go:207: [4] is processing new view: 12, leader is 3
[DEBUG] 2021/04/01 14:10:41.523256 replica.go:258: [1] the last view lasts 3 milliseconds, current view: 12
[DEBUG] 2021/04/01 14:10:41.523251 replica.go:207: [1] is processing new view: 12, leader is 3
[DEBUG] 2021/04/01 14:10:41.523191 replica.go:138: [4] received a vote frm 2, blockID is 8d037b414346ee7820231b34d51e16b4c66259a692961274d5697dd70f9c7542
[DEBUG] 2021/04/01 14:10:41.523332 hotstuff.go:122: [4] is processing the vote, block id: 8d037b414346ee7820231b34d51e16b4c66259a692961274d5697dd70f9c7542
[DEBUG] 2021/04/01 14:10:41.523445 replica.go:138: [4] received a vote frm 1, blockID is 8d037b414346ee7820231b34d51e16b4c66259a692961274d5697dd70f9c7542
[DEBUG] 2021/04/01 14:10:41.523184 replica.go:258: [4] the last view lasts 4 milliseconds, current view: 12
[DEBUG] 2021/04/01 14:10:41.523558 hotstuff.go:226: [4] is processing a QC, block id: 8d037b414346ee7820231b34d51e16b4c66259a692961274d5697dd70f9c7542
[DEBUG] 2021/04/01 14:10:41.524245 hotstuff.go:122: [4] is processing the vote, block id: 8d037b414346ee7820231b34d51e16b4c66259a692961274d5697dd70f9c7542
[DEBUG] 2021/04/01 14:10:41.524530 hotstuff.go:136: [4] not sufficient votes to build a QC, block id: 8d037b414346ee7820231b34d51e16b4c66259a692961274d5697dd70f9c7542
[DEBUG] 2021/04/01 14:10:41.524654 replica.go:258: [4] the last view lasts 1 milliseconds, current view: 13
[DEBUG] 2021/04/01 14:10:41.524698 replica.go:207: [4] is processing new view: 13, leader is 4
[INFO] 2021/04/01 14:10:41.524832 replica.go:193: [4] the block is committed, No. of transactions: 8, view: 10, current view: 13, id: 93441cbec4047b014af05f595db8865ba30a408f04d13b9428767d8c87658519
[DEBUG] 2021/04/01 14:10:41.524919 hotstuff.go:55: [4] is processing block from 4, view: 13, id: be33b76c8b7b7b7c02d926c204b09ab02ff593152d23a73091c2fb00205fc20c
[DEBUG] 2021/04/01 14:10:41.524942 hotstuff.go:226: [4] is processing a QC, block id: 8d037b414346ee7820231b34d51e16b4c66259a692961274d5697dd70f9c7542
[DEBUG] 2021/04/01 14:10:41.525105 hotstuff.go:110: [4] vote is sent to 1, id: be33b76c8b7b7b7c02d926c204b09ab02ff593152d23a73091c2fb00205fc20c
[DEBUG] 2021/04/01 14:10:41.525364 replica.go:129: [2] received a block from 4, view is 13, id: be33b76c8b7b7b7c02d926c204b09ab02ff593152d23a73091c2fb00205fc20c, prevID: 8d037b414346ee7820231b34d51e16b4c66259a692961274d5697dd70f9c7542
[DEBUG] 2021/04/01 14:10:41.525415 hotstuff.go:55: [2] is processing block from 4, view: 13, id: be33b76c8b7b7b7c02d926c204b09ab02ff593152d23a73091c2fb00205fc20c
[DEBUG] 2021/04/01 14:10:41.525440 replica.go:129: [1] received a block from 4, view is 13, id: be33b76c8b7b7b7c02d926c204b09ab02ff593152d23a73091c2fb00205fc20c, prevID: 8d037b414346ee7820231b34d51e16b4c66259a692961274d5697dd70f9c7542
[DEBUG] 2021/04/01 14:10:41.525474 replica.go:138: [1] received a vote frm 4, blockID is be33b76c8b7b7b7c02d926c204b09ab02ff593152d23a73091c2fb00205fc20c
[DEBUG] 2021/04/01 14:10:41.525497 hotstuff.go:55: [1] is processing block from 4, view: 13, id: be33b76c8b7b7b7c02d926c204b09ab02ff593152d23a73091c2fb00205fc20c
[DEBUG] 2021/04/01 14:10:41.525534 replica.go:129: [3] received a block from 4, view is 13, id: be33b76c8b7b7b7c02d926c204b09ab02ff593152d23a73091c2fb00205fc20c, prevID: 8d037b414346ee7820231b34d51e16b4c66259a692961274d5697dd70f9c7542
[DEBUG] 2021/04/01 14:10:41.525574 hotstuff.go:55: [3] is processing block from 4, view: 13, id: be33b76c8b7b7b7c02d926c204b09ab02ff593152d23a73091c2fb00205fc20c
[DEBUG] 2021/04/01 14:10:41.525653 hotstuff.go:226: [2] is processing a QC, block id: 8d037b414346ee7820231b34d51e16b4c66259a692961274d5697dd70f9c7542
[DEBUG] 2021/04/01 14:10:41.525716 hotstuff.go:226: [1] is processing a QC, block id: 8d037b414346ee7820231b34d51e16b4c66259a692961274d5697dd70f9c7542
[DEBUG] 2021/04/01 14:10:41.525792 hotstuff.go:226: [3] is processing a QC, block id: 8d037b414346ee7820231b34d51e16b4c66259a692961274d5697dd70f9c7542
[DEBUG] 2021/04/01 14:10:41.526341 hotstuff.go:110: [2] vote is sent to 1, id: be33b76c8b7b7b7c02d926c204b09ab02ff593152d23a73091c2fb00205fc20c
[DEBUG] 2021/04/01 14:10:41.526414 replica.go:258: [2] the last view lasts 3 milliseconds, current view: 13
[INFO] 2021/04/01 14:10:41.526434 replica.go:193: [1] the block is committed, No. of transactions: 8, view: 10, current view: 13, id: 93441cbec4047b014af05f595db8865ba30a408f04d13b9428767d8c87658519
[INFO] 2021/04/01 14:10:41.526447 replica.go:193: [2] the block is committed, No. of transactions: 8, view: 10, current view: 13, id: 93441cbec4047b014af05f595db8865ba30a408f04d13b9428767d8c87658519
[DEBUG] 2021/04/01 14:10:41.526426 hotstuff.go:107: [1] vote is sent to itself, id: be33b76c8b7b7b7c02d926c204b09ab02ff593152d23a73091c2fb00205fc20c
[DEBUG] 2021/04/01 14:10:41.526505 hotstuff.go:122: [1] is processing the vote, block id: be33b76c8b7b7b7c02d926c204b09ab02ff593152d23a73091c2fb00205fc20c
[INFO] 2021/04/01 14:10:41.526520 replica.go:193: [3] the block is committed, No. of transactions: 8, view: 10, current view: 13, id: 93441cbec4047b014af05f595db8865ba30a408f04d13b9428767d8c87658519
[DEBUG] 2021/04/01 14:10:41.526451 replica.go:207: [2] is processing new view: 13, leader is 4
[DEBUG] 2021/04/01 14:10:41.526514 hotstuff.go:110: [3] vote is sent to 1, id: be33b76c8b7b7b7c02d926c204b09ab02ff593152d23a73091c2fb00205fc20c
