[INFO] 2021/04/01 13:45:02.628935 server.go:21: node 4 starting...
[INFO] 2021/04/01 13:45:02.628935 server.go:21: node 2 starting...
[INFO] 2021/04/01 13:45:02.628966 server.go:21: node 1 starting...
[INFO] 2021/04/01 13:45:02.629010 server.go:21: node 3 starting...
[DEBUG] 2021/04/01 13:45:02.629423 transport.go:129: start listening 3736
[DEBUG] 2021/04/01 13:45:02.629491 transport.go:129: start listening 3735
[DEBUG] 2021/04/01 13:45:02.629462 transport.go:129: start listening 3738
[DEBUG] 2021/04/01 13:45:02.629450 transport.go:129: start listening 3737
[INFO] 2021/04/01 13:45:02.631220 node.go:93: node 3 start running
[INFO] 2021/04/01 13:45:02.631339 http.go:47: http server starting on :8072
[INFO] 2021/04/01 13:45:02.631731 node.go:93: node 2 start running
[INFO] 2021/04/01 13:45:02.631783 http.go:47: http server starting on :8071
[INFO] 2021/04/01 13:45:02.633089 node.go:93: node 4 start running
[INFO] 2021/04/01 13:45:02.633170 http.go:47: http server starting on :8073
[INFO] 2021/04/01 13:45:02.633089 node.go:93: node 1 start running
[INFO] 2021/04/01 13:45:02.633330 http.go:47: http server starting on :8070
[DEBUG] 2021/04/01 13:45:04.053801 replica.go:271: [1] is boosting
[DEBUG] 2021/04/01 13:45:04.053915 replica.go:271: [3] is boosting
[DEBUG] 2021/04/01 13:45:04.054014 replica.go:271: [2] is boosting
[DEBUG] 2021/04/01 13:45:04.054267 replica.go:271: [4] is boosting
[DEBUG] 2021/04/01 13:45:04.054314 replica.go:171: [4] is going to kick off the protocol
[DEBUG] 2021/04/01 13:45:04.054374 replica.go:245: [4] the last view lasts 0 milliseconds, current view: 1
[DEBUG] 2021/04/01 13:45:04.054408 replica.go:203: [4] is processing new view: 1, leader is 4
[DEBUG] 2021/04/01 13:45:04.056076 hotstuff.go:55: [4] is processing block from 4, view: 1, id: 1e370e7b319dfad4b0aec4b438cbed87c02cf3ff9f70d10f9a3032c24e150bfb
[DEBUG] 2021/04/01 13:45:04.056143 hotstuff.go:226: [4] is processing a QC, block id: 0000000000000000000000000000000000000000000000000000000000000000
[DEBUG] 2021/04/01 13:45:04.056298 hotstuff.go:107: [4] vote is sent to itself, id: 1e370e7b319dfad4b0aec4b438cbed87c02cf3ff9f70d10f9a3032c24e150bfb
[DEBUG] 2021/04/01 13:45:04.056336 hotstuff.go:122: [4] is processing the vote, block id: 1e370e7b319dfad4b0aec4b438cbed87c02cf3ff9f70d10f9a3032c24e150bfb
[DEBUG] 2021/04/01 13:45:04.056367 hotstuff.go:136: [4] not sufficient votes to build a QC, block id: 1e370e7b319dfad4b0aec4b438cbed87c02cf3ff9f70d10f9a3032c24e150bfb
[DEBUG] 2021/04/01 13:45:04.056607 replica.go:125: [1] received a block from 4, view is 1, id: 1e370e7b319dfad4b0aec4b438cbed87c02cf3ff9f70d10f9a3032c24e150bfb, prevID: 0000000000000000000000000000000000000000000000000000000000000000
[DEBUG] 2021/04/01 13:45:04.056701 replica.go:125: [2] received a block from 4, view is 1, id: 1e370e7b319dfad4b0aec4b438cbed87c02cf3ff9f70d10f9a3032c24e150bfb, prevID: 0000000000000000000000000000000000000000000000000000000000000000
