[INFO] 2021/04/01 13:40:06.390818 server.go:21: node 3 starting...
[INFO] 2021/04/01 13:40:06.390818 server.go:21: node 4 starting...
[INFO] 2021/04/01 13:40:06.390818 server.go:21: node 2 starting...
[INFO] 2021/04/01 13:40:06.390846 server.go:21: node 1 starting...
[DEBUG] 2021/04/01 13:40:06.391291 transport.go:129: start listening 3737
[DEBUG] 2021/04/01 13:40:06.391379 transport.go:129: start listening 3738
[DEBUG] 2021/04/01 13:40:06.391387 transport.go:129: start listening 3736
[DEBUG] 2021/04/01 13:40:06.391492 transport.go:129: start listening 3735
[INFO] 2021/04/01 13:40:06.393611 node.go:93: node 1 start running
[INFO] 2021/04/01 13:40:06.393721 http.go:47: http server starting on :8070
[INFO] 2021/04/01 13:40:06.395628 node.go:93: node 3 start running
[INFO] 2021/04/01 13:40:06.395713 http.go:47: http server starting on :8072
[INFO] 2021/04/01 13:40:06.395836 node.go:93: node 4 start running
[INFO] 2021/04/01 13:40:06.395843 node.go:93: node 2 start running
[INFO] 2021/04/01 13:40:06.395952 http.go:47: http server starting on :8071
[INFO] 2021/04/01 13:40:06.395887 http.go:47: http server starting on :8073
[DEBUG] 2021/04/01 13:40:08.862332 replica.go:303: [1] is boosting
[DEBUG] 2021/04/01 13:40:08.862575 replica.go:303: [2] is boosting
[DEBUG] 2021/04/01 13:40:08.862743 replica.go:303: [3] is boosting
[DEBUG] 2021/04/01 13:40:08.863153 replica.go:303: [4] is boosting
[DEBUG] 2021/04/01 13:40:08.863210 replica.go:191: [4] is going to kick off the protocol
[DEBUG] 2021/04/01 13:40:08.863401 replica.go:277: [4] the last view lasts 0 milliseconds, current view: 1
[DEBUG] 2021/04/01 13:40:08.863419 replica.go:223: [4] is processing new view: 1, leader is 4
[DEBUG] 2021/04/01 13:40:08.864953 hotstuff.go:55: [4] is processing block from 4, view: 1, id: d1b4ae685a2c42079b764e8addc8621ad5ba424718de15c120c9d83aaf56dbee
[DEBUG] 2021/04/01 13:40:08.865018 hotstuff.go:226: [4] is processing a QC, block id: 0000000000000000000000000000000000000000000000000000000000000000
[DEBUG] 2021/04/01 13:40:08.865176 hotstuff.go:107: [4] vote is sent to itself, id: d1b4ae685a2c42079b764e8addc8621ad5ba424718de15c120c9d83aaf56dbee
[DEBUG] 2021/04/01 13:40:08.865222 hotstuff.go:122: [4] is processing the vote, block id: d1b4ae685a2c42079b764e8addc8621ad5ba424718de15c120c9d83aaf56dbee
[DEBUG] 2021/04/01 13:40:08.865253 hotstuff.go:136: [4] not sufficient votes to build a QC, block id: d1b4ae685a2c42079b764e8addc8621ad5ba424718de15c120c9d83aaf56dbee
[DEBUG] 2021/04/01 13:40:08.865432 replica.go:133: [1] received a block from 4, view is 1, id: d1b4ae685a2c42079b764e8addc8621ad5ba424718de15c120c9d83aaf56dbee, prevID: 0000000000000000000000000000000000000000000000000000000000000000
