[INFO] 2021/04/01 11:24:48.109838 server.go:21: node 1 starting...
[INFO] 2021/04/01 11:24:48.109840 server.go:21: node 2 starting...
[INFO] 2021/04/01 11:24:48.109865 server.go:21: node 4 starting...
[INFO] 2021/04/01 11:24:48.109886 server.go:21: node 3 starting...
[DEBUG] 2021/04/01 11:24:48.110246 transport.go:129: start listening 3735
[DEBUG] 2021/04/01 11:24:48.110323 transport.go:129: start listening 3736
[DEBUG] 2021/04/01 11:24:48.110357 transport.go:129: start listening 3738
[DEBUG] 2021/04/01 11:24:48.110379 transport.go:129: start listening 3737
[INFO] 2021/04/01 11:24:48.113370 node.go:93: node 1 start running
[INFO] 2021/04/01 11:24:48.113481 http.go:47: http server starting on :8070
[INFO] 2021/04/01 11:24:48.114268 node.go:93: node 3 start running
[INFO] 2021/04/01 11:24:48.114612 http.go:47: http server starting on :8072
[INFO] 2021/04/01 11:24:48.114928 node.go:93: node 4 start running
[INFO] 2021/04/01 11:24:48.114977 http.go:47: http server starting on :8073
[INFO] 2021/04/01 11:24:48.114954 node.go:93: node 2 start running
[INFO] 2021/04/01 11:24:48.115137 http.go:47: http server starting on :8071
[DEBUG] 2021/04/01 11:24:54.916173 replica.go:273: [1] is boosting
[DEBUG] 2021/04/01 11:24:55.272610 hotstuff.go:150: [1] is processing tmo from 1
[DEBUG] 2021/04/01 11:24:55.272854 hotstuff.go:226: [1] is processing a QC, block id: 0000000000000000000000000000000000000000000000000000000000000000
[DEBUG] 2021/04/01 11:24:55.272904 replica.go:141: [3] received a timeout from 1 for view 1
[DEBUG] 2021/04/01 11:24:55.272926 replica.go:247: [1] the last view lasts 356 milliseconds, current view: 1
[DEBUG] 2021/04/01 11:24:55.272933 replica.go:201: [1] is processing new view: 1, leader is 4
[DEBUG] 2021/04/01 11:24:55.273510 replica.go:141: [2] received a timeout from 1 for view 1
[DEBUG] 2021/04/01 11:24:55.273515 replica.go:141: [4] received a timeout from 1 for view 1
[DEBUG] 2021/04/01 11:24:55.626674 hotstuff.go:150: [1] is processing tmo from 1
[DEBUG] 2021/04/01 11:24:55.626836 hotstuff.go:226: [1] is processing a QC, block id: 0000000000000000000000000000000000000000000000000000000000000000
[DEBUG] 2021/04/01 11:24:55.626896 replica.go:247: [1] the last view lasts 353 milliseconds, current view: 2
[DEBUG] 2021/04/01 11:24:55.626914 replica.go:201: [1] is processing new view: 2, leader is 4
[DEBUG] 2021/04/01 11:24:55.982778 hotstuff.go:150: [1] is processing tmo from 1
[DEBUG] 2021/04/01 11:24:55.982868 hotstuff.go:226: [1] is processing a QC, block id: 0000000000000000000000000000000000000000000000000000000000000000
[DEBUG] 2021/04/01 11:24:55.982910 replica.go:247: [1] the last view lasts 356 milliseconds, current view: 3
[DEBUG] 2021/04/01 11:24:55.982948 replica.go:201: [1] is processing new view: 3, leader is 4
[DEBUG] 2021/04/01 11:24:56.333708 hotstuff.go:150: [1] is processing tmo from 1
[DEBUG] 2021/04/01 11:24:56.333994 hotstuff.go:226: [1] is processing a QC, block id: 0000000000000000000000000000000000000000000000000000000000000000
[DEBUG] 2021/04/01 11:24:56.334115 replica.go:247: [1] the last view lasts 351 milliseconds, current view: 4
[DEBUG] 2021/04/01 11:24:56.334153 replica.go:201: [1] is processing new view: 4, leader is 3
[DEBUG] 2021/04/01 11:24:56.684876 hotstuff.go:150: [1] is processing tmo from 1
[DEBUG] 2021/04/01 11:24:56.685541 hotstuff.go:226: [1] is processing a QC, block id: 0000000000000000000000000000000000000000000000000000000000000000
[DEBUG] 2021/04/01 11:24:56.685656 replica.go:247: [1] the last view lasts 351 milliseconds, current view: 5
[DEBUG] 2021/04/01 11:24:56.685722 replica.go:201: [1] is processing new view: 5, leader is 3
[DEBUG] 2021/04/01 11:24:57.040836 hotstuff.go:150: [1] is processing tmo from 1
[DEBUG] 2021/04/01 11:24:57.040950 hotstuff.go:226: [1] is processing a QC, block id: 0000000000000000000000000000000000000000000000000000000000000000
[DEBUG] 2021/04/01 11:24:57.041027 replica.go:247: [1] the last view lasts 355 milliseconds, current view: 6
[DEBUG] 2021/04/01 11:24:57.041154 replica.go:201: [1] is processing new view: 6, leader is 2
[DEBUG] 2021/04/01 11:24:57.391349 hotstuff.go:150: [1] is processing tmo from 1
[DEBUG] 2021/04/01 11:24:57.391631 hotstuff.go:226: [1] is processing a QC, block id: 0000000000000000000000000000000000000000000000000000000000000000
[DEBUG] 2021/04/01 11:24:57.391693 replica.go:247: [1] the last view lasts 350 milliseconds, current view: 7
[DEBUG] 2021/04/01 11:24:57.391735 replica.go:201: [1] is processing new view: 7, leader is 2
[DEBUG] 2021/04/01 11:24:57.745684 hotstuff.go:150: [1] is processing tmo from 1
[DEBUG] 2021/04/01 11:24:57.745845 hotstuff.go:226: [1] is processing a QC, block id: 0000000000000000000000000000000000000000000000000000000000000000
[DEBUG] 2021/04/01 11:24:57.745897 replica.go:247: [1] the last view lasts 354 milliseconds, current view: 8
[DEBUG] 2021/04/01 11:24:57.745977 replica.go:201: [1] is processing new view: 8, leader is 1
[DEBUG] 2021/04/01 11:24:57.747143 hotstuff.go:55: [1] is processing block from 1, view: 8, id: 7ced2d1fd3c409c6d8b9862eb12b0fef955494d0efbeb4e51be0d57e65b2a06b
[ERROR] 2021/04/01 11:24:57.747266 hotstuff.go:96: [1] cannot decide whether to vote the block, %!w(*fmt.wrapError=&{cannot vote for block: parent block does not exist, id: 0000000000000000000000000000000000000000000000000000000000000000 0xc000204600})
[DEBUG] 2021/04/01 11:24:58.103652 hotstuff.go:150: [1] is processing tmo from 1
[DEBUG] 2021/04/01 11:24:58.103981 hotstuff.go:226: [1] is processing a QC, block id: 0000000000000000000000000000000000000000000000000000000000000000
[DEBUG] 2021/04/01 11:24:58.104024 replica.go:247: [1] the last view lasts 358 milliseconds, current view: 9
[DEBUG] 2021/04/01 11:24:58.104054 replica.go:201: [1] is processing new view: 9, leader is 4
[DEBUG] 2021/04/01 11:24:58.461296 hotstuff.go:150: [1] is processing tmo from 1
[DEBUG] 2021/04/01 11:24:58.461380 hotstuff.go:226: [1] is processing a QC, block id: 0000000000000000000000000000000000000000000000000000000000000000
[DEBUG] 2021/04/01 11:24:58.461421 replica.go:247: [1] the last view lasts 357 milliseconds, current view: 10
[DEBUG] 2021/04/01 11:24:58.461454 replica.go:201: [1] is processing new view: 10, leader is 1
[DEBUG] 2021/04/01 11:24:58.462835 hotstuff.go:55: [1] is processing block from 1, view: 10, id: 05a6b4a9ddd1f682e9678e2be4dbc9e6f37f1691e3e097a1caf39e541adb9d22
[ERROR] 2021/04/01 11:24:58.462944 hotstuff.go:96: [1] cannot decide whether to vote the block, %!w(*fmt.wrapError=&{cannot vote for block: parent block does not exist, id: 0000000000000000000000000000000000000000000000000000000000000000 0xc0000d6460})
[DEBUG] 2021/04/01 11:24:58.814793 hotstuff.go:150: [1] is processing tmo from 1
[DEBUG] 2021/04/01 11:24:58.814908 hotstuff.go:226: [1] is processing a QC, block id: 0000000000000000000000000000000000000000000000000000000000000000
[DEBUG] 2021/04/01 11:24:58.815008 replica.go:247: [1] the last view lasts 353 milliseconds, current view: 11
[DEBUG] 2021/04/01 11:24:58.815085 replica.go:201: [1] is processing new view: 11, leader is 3
[DEBUG] 2021/04/01 11:24:59.168155 hotstuff.go:150: [1] is processing tmo from 1
[DEBUG] 2021/04/01 11:24:59.168274 hotstuff.go:226: [1] is processing a QC, block id: 0000000000000000000000000000000000000000000000000000000000000000
[DEBUG] 2021/04/01 11:24:59.168385 replica.go:247: [1] the last view lasts 353 milliseconds, current view: 12
[DEBUG] 2021/04/01 11:24:59.168454 replica.go:201: [1] is processing new view: 12, leader is 3
[DEBUG] 2021/04/01 11:24:59.521313 hotstuff.go:150: [1] is processing tmo from 1
[DEBUG] 2021/04/01 11:24:59.521438 hotstuff.go:226: [1] is processing a QC, block id: 0000000000000000000000000000000000000000000000000000000000000000
[DEBUG] 2021/04/01 11:24:59.521513 replica.go:247: [1] the last view lasts 353 milliseconds, current view: 13
[DEBUG] 2021/04/01 11:24:59.521578 replica.go:201: [1] is processing new view: 13, leader is 4
[DEBUG] 2021/04/01 11:24:59.871901 hotstuff.go:150: [1] is processing tmo from 1
[DEBUG] 2021/04/01 11:24:59.872014 hotstuff.go:226: [1] is processing a QC, block id: 0000000000000000000000000000000000000000000000000000000000000000
[DEBUG] 2021/04/01 11:24:59.872241 replica.go:247: [1] the last view lasts 350 milliseconds, current view: 14
[DEBUG] 2021/04/01 11:24:59.872269 replica.go:201: [1] is processing new view: 14, leader is 1
[DEBUG] 2021/04/01 11:24:59.872590 hotstuff.go:55: [1] is processing block from 1, view: 14, id: 5d497659cd1d799342bb0923c3775b95c4a88cc91256de76a74cd4fb85af292c
[ERROR] 2021/04/01 11:24:59.872685 hotstuff.go:96: [1] cannot decide whether to vote the block, %!w(*fmt.wrapError=&{cannot vote for block: parent block does not exist, id: 0000000000000000000000000000000000000000000000000000000000000000 0xc000186d70})
[DEBUG] 2021/04/01 11:25:00.227539 hotstuff.go:150: [1] is processing tmo from 1
[DEBUG] 2021/04/01 11:25:00.227644 hotstuff.go:226: [1] is processing a QC, block id: 0000000000000000000000000000000000000000000000000000000000000000
[DEBUG] 2021/04/01 11:25:00.227726 replica.go:247: [1] the last view lasts 355 milliseconds, current view: 15
[DEBUG] 2021/04/01 11:25:00.227801 replica.go:201: [1] is processing new view: 15, leader is 4
[DEBUG] 2021/04/01 11:25:00.577850 hotstuff.go:150: [1] is processing tmo from 1
[DEBUG] 2021/04/01 11:25:00.577979 hotstuff.go:226: [1] is processing a QC, block id: 0000000000000000000000000000000000000000000000000000000000000000
[DEBUG] 2021/04/01 11:25:00.578035 replica.go:247: [1] the last view lasts 350 milliseconds, current view: 16
[DEBUG] 2021/04/01 11:25:00.578053 replica.go:201: [1] is processing new view: 16, leader is 4
[DEBUG] 2021/04/01 11:25:00.928187 hotstuff.go:150: [1] is processing tmo from 1
[DEBUG] 2021/04/01 11:25:00.928308 hotstuff.go:226: [1] is processing a QC, block id: 0000000000000000000000000000000000000000000000000000000000000000
[DEBUG] 2021/04/01 11:25:00.928374 replica.go:247: [1] the last view lasts 350 milliseconds, current view: 17
[DEBUG] 2021/04/01 11:25:00.928436 replica.go:201: [1] is processing new view: 17, leader is 2
[DEBUG] 2021/04/01 11:25:01.282216 hotstuff.go:150: [1] is processing tmo from 1
[DEBUG] 2021/04/01 11:25:01.282380 hotstuff.go:226: [1] is processing a QC, block id: 0000000000000000000000000000000000000000000000000000000000000000
[DEBUG] 2021/04/01 11:25:01.282461 replica.go:247: [1] the last view lasts 354 milliseconds, current view: 18
[DEBUG] 2021/04/01 11:25:01.282538 replica.go:201: [1] is processing new view: 18, leader is 2
[DEBUG] 2021/04/01 11:25:01.636002 hotstuff.go:150: [1] is processing tmo from 1
[DEBUG] 2021/04/01 11:25:01.636243 hotstuff.go:226: [1] is processing a QC, block id: 0000000000000000000000000000000000000000000000000000000000000000
[DEBUG] 2021/04/01 11:25:01.636324 replica.go:247: [1] the last view lasts 353 milliseconds, current view: 19
[DEBUG] 2021/04/01 11:25:01.636390 replica.go:201: [1] is processing new view: 19, leader is 4
[DEBUG] 2021/04/01 11:25:01.987005 hotstuff.go:150: [1] is processing tmo from 1
[DEBUG] 2021/04/01 11:25:01.987184 hotstuff.go:226: [1] is processing a QC, block id: 0000000000000000000000000000000000000000000000000000000000000000
[DEBUG] 2021/04/01 11:25:01.987323 replica.go:247: [1] the last view lasts 350 milliseconds, current view: 20
[DEBUG] 2021/04/01 11:25:01.987371 replica.go:201: [1] is processing new view: 20, leader is 2
[DEBUG] 2021/04/01 11:25:02.341266 hotstuff.go:150: [1] is processing tmo from 1
[DEBUG] 2021/04/01 11:25:02.341442 hotstuff.go:226: [1] is processing a QC, block id: 0000000000000000000000000000000000000000000000000000000000000000
[DEBUG] 2021/04/01 11:25:02.341637 replica.go:201: [1] is processing new view: 21, leader is 4
[DEBUG] 2021/04/01 11:25:02.341630 replica.go:247: [1] the last view lasts 354 milliseconds, current view: 21
[DEBUG] 2021/04/01 11:25:02.695881 hotstuff.go:150: [1] is processing tmo from 1
[DEBUG] 2021/04/01 11:25:02.695984 hotstuff.go:226: [1] is processing a QC, block id: 0000000000000000000000000000000000000000000000000000000000000000
[DEBUG] 2021/04/01 11:25:02.696026 replica.go:247: [1] the last view lasts 354 milliseconds, current view: 22
[DEBUG] 2021/04/01 11:25:02.696067 replica.go:201: [1] is processing new view: 22, leader is 2
[DEBUG] 2021/04/01 11:25:03.048404 hotstuff.go:150: [1] is processing tmo from 1
[DEBUG] 2021/04/01 11:25:03.048507 hotstuff.go:226: [1] is processing a QC, block id: 0000000000000000000000000000000000000000000000000000000000000000
[DEBUG] 2021/04/01 11:25:03.048635 replica.go:201: [1] is processing new view: 23, leader is 3
[DEBUG] 2021/04/01 11:25:03.048584 replica.go:247: [1] the last view lasts 352 milliseconds, current view: 23
[DEBUG] 2021/04/01 11:25:03.401185 hotstuff.go:150: [1] is processing tmo from 1
[DEBUG] 2021/04/01 11:25:03.401299 hotstuff.go:226: [1] is processing a QC, block id: 0000000000000000000000000000000000000000000000000000000000000000
[DEBUG] 2021/04/01 11:25:03.401389 replica.go:247: [1] the last view lasts 352 milliseconds, current view: 24
[DEBUG] 2021/04/01 11:25:03.401451 replica.go:201: [1] is processing new view: 24, leader is 3
[DEBUG] 2021/04/01 11:25:03.754060 hotstuff.go:150: [1] is processing tmo from 1
[DEBUG] 2021/04/01 11:25:03.754170 hotstuff.go:226: [1] is processing a QC, block id: 0000000000000000000000000000000000000000000000000000000000000000
[DEBUG] 2021/04/01 11:25:03.754215 replica.go:247: [1] the last view lasts 352 milliseconds, current view: 25
[DEBUG] 2021/04/01 11:25:03.754241 replica.go:201: [1] is processing new view: 25, leader is 4
[DEBUG] 2021/04/01 11:25:04.104716 hotstuff.go:150: [1] is processing tmo from 1
[DEBUG] 2021/04/01 11:25:04.104823 hotstuff.go:226: [1] is processing a QC, block id: 0000000000000000000000000000000000000000000000000000000000000000
[DEBUG] 2021/04/01 11:25:04.104869 replica.go:247: [1] the last view lasts 350 milliseconds, current view: 26
[DEBUG] 2021/04/01 11:25:04.104886 replica.go:201: [1] is processing new view: 26, leader is 4
[DEBUG] 2021/04/01 11:25:04.458934 hotstuff.go:150: [1] is processing tmo from 1
[DEBUG] 2021/04/01 11:25:04.459029 hotstuff.go:226: [1] is processing a QC, block id: 0000000000000000000000000000000000000000000000000000000000000000
[DEBUG] 2021/04/01 11:25:04.459198 replica.go:247: [1] the last view lasts 354 milliseconds, current view: 27
[DEBUG] 2021/04/01 11:25:04.459280 replica.go:201: [1] is processing new view: 27, leader is 4
[DEBUG] 2021/04/01 11:25:04.814490 hotstuff.go:150: [1] is processing tmo from 1
[DEBUG] 2021/04/01 11:25:04.814582 hotstuff.go:226: [1] is processing a QC, block id: 0000000000000000000000000000000000000000000000000000000000000000
[DEBUG] 2021/04/01 11:25:04.814662 replica.go:247: [1] the last view lasts 355 milliseconds, current view: 28
[DEBUG] 2021/04/01 11:25:04.814761 replica.go:201: [1] is processing new view: 28, leader is 2
[DEBUG] 2021/04/01 11:25:05.169351 hotstuff.go:150: [1] is processing tmo from 1
[DEBUG] 2021/04/01 11:25:05.169556 hotstuff.go:226: [1] is processing a QC, block id: 0000000000000000000000000000000000000000000000000000000000000000
[DEBUG] 2021/04/01 11:25:05.169596 replica.go:247: [1] the last view lasts 354 milliseconds, current view: 29
[DEBUG] 2021/04/01 11:25:05.169629 replica.go:201: [1] is processing new view: 29, leader is 4
[DEBUG] 2021/04/01 11:25:05.519775 hotstuff.go:150: [1] is processing tmo from 1
[DEBUG] 2021/04/01 11:25:05.519906 hotstuff.go:226: [1] is processing a QC, block id: 0000000000000000000000000000000000000000000000000000000000000000
[DEBUG] 2021/04/01 11:25:05.519963 replica.go:247: [1] the last view lasts 350 milliseconds, current view: 30
[DEBUG] 2021/04/01 11:25:05.520000 replica.go:201: [1] is processing new view: 30, leader is 1
[DEBUG] 2021/04/01 11:25:05.520362 hotstuff.go:55: [1] is processing block from 1, view: 30, id: c895ef3125a1f397d860e56e57b4a49d15a2d2e1db19821eb40a70dbe816d504
[ERROR] 2021/04/01 11:25:05.520560 hotstuff.go:96: [1] cannot decide whether to vote the block, %!w(*fmt.wrapError=&{cannot vote for block: parent block does not exist, id: 0000000000000000000000000000000000000000000000000000000000000000 0xc000092b20})
[DEBUG] 2021/04/01 11:25:05.871520 hotstuff.go:150: [1] is processing tmo from 1
[DEBUG] 2021/04/01 11:25:05.871591 hotstuff.go:226: [1] is processing a QC, block id: 0000000000000000000000000000000000000000000000000000000000000000
[DEBUG] 2021/04/01 11:25:05.871777 replica.go:247: [1] the last view lasts 351 milliseconds, current view: 31
[DEBUG] 2021/04/01 11:25:05.871807 replica.go:201: [1] is processing new view: 31, leader is 3
[DEBUG] 2021/04/01 11:25:06.226817 hotstuff.go:150: [1] is processing tmo from 1
[DEBUG] 2021/04/01 11:25:06.226920 hotstuff.go:226: [1] is processing a QC, block id: 0000000000000000000000000000000000000000000000000000000000000000
[DEBUG] 2021/04/01 11:25:06.226972 replica.go:247: [1] the last view lasts 355 milliseconds, current view: 32
[DEBUG] 2021/04/01 11:25:06.227025 replica.go:201: [1] is processing new view: 32, leader is 2
[DEBUG] 2021/04/01 11:25:06.581361 hotstuff.go:150: [1] is processing tmo from 1
[DEBUG] 2021/04/01 11:25:06.581477 hotstuff.go:226: [1] is processing a QC, block id: 0000000000000000000000000000000000000000000000000000000000000000
[DEBUG] 2021/04/01 11:25:06.581765 replica.go:247: [1] the last view lasts 354 milliseconds, current view: 33
[DEBUG] 2021/04/01 11:25:06.581815 replica.go:201: [1] is processing new view: 33, leader is 3
[DEBUG] 2021/04/01 11:25:06.935904 hotstuff.go:150: [1] is processing tmo from 1
[DEBUG] 2021/04/01 11:25:06.936889 hotstuff.go:226: [1] is processing a QC, block id: 0000000000000000000000000000000000000000000000000000000000000000
[DEBUG] 2021/04/01 11:25:06.937000 replica.go:247: [1] the last view lasts 355 milliseconds, current view: 34
[DEBUG] 2021/04/01 11:25:06.937068 replica.go:201: [1] is processing new view: 34, leader is 3
[DEBUG] 2021/04/01 11:25:07.290669 hotstuff.go:150: [1] is processing tmo from 1
[DEBUG] 2021/04/01 11:25:07.290883 hotstuff.go:226: [1] is processing a QC, block id: 0000000000000000000000000000000000000000000000000000000000000000
[DEBUG] 2021/04/01 11:25:07.291005 replica.go:247: [1] the last view lasts 353 milliseconds, current view: 35
[DEBUG] 2021/04/01 11:25:07.291084 replica.go:201: [1] is processing new view: 35, leader is 4
[DEBUG] 2021/04/01 11:25:07.641215 hotstuff.go:150: [1] is processing tmo from 1
[DEBUG] 2021/04/01 11:25:07.641645 hotstuff.go:226: [1] is processing a QC, block id: 0000000000000000000000000000000000000000000000000000000000000000
[DEBUG] 2021/04/01 11:25:07.641703 replica.go:247: [1] the last view lasts 350 milliseconds, current view: 36
[DEBUG] 2021/04/01 11:25:07.641762 replica.go:201: [1] is processing new view: 36, leader is 2
[DEBUG] 2021/04/01 11:25:07.995583 hotstuff.go:150: [1] is processing tmo from 1
[DEBUG] 2021/04/01 11:25:07.995725 hotstuff.go:226: [1] is processing a QC, block id: 0000000000000000000000000000000000000000000000000000000000000000
[DEBUG] 2021/04/01 11:25:07.995828 replica.go:247: [1] the last view lasts 354 milliseconds, current view: 37
[DEBUG] 2021/04/01 11:25:07.995898 replica.go:201: [1] is processing new view: 37, leader is 1
[DEBUG] 2021/04/01 11:25:07.996180 hotstuff.go:55: [1] is processing block from 1, view: 37, id: 026ea20785dbb9e9251160da42a70490cb1333495b1c8a564d64dcca4c334bbb
[ERROR] 2021/04/01 11:25:07.996390 hotstuff.go:96: [1] cannot decide whether to vote the block, %!w(*fmt.wrapError=&{cannot vote for block: parent block does not exist, id: 0000000000000000000000000000000000000000000000000000000000000000 0xc000092c90})
