[INFO] 2021/04/01 13:48:08.884986 server.go:21: node 1 starting...
[INFO] 2021/04/01 13:48:08.884986 server.go:21: node 3 starting...
[INFO] 2021/04/01 13:48:08.885031 server.go:21: node 2 starting...
[DEBUG] 2021/04/01 13:48:08.885338 transport.go:129: start listening 3735
[DEBUG] 2021/04/01 13:48:08.885414 transport.go:129: start listening 3737
[DEBUG] 2021/04/01 13:48:08.885498 transport.go:129: start listening 3736
[INFO] 2021/04/01 13:48:08.885044 server.go:21: node 4 starting...
[DEBUG] 2021/04/01 13:48:08.885668 transport.go:129: start listening 3738
[INFO] 2021/04/01 13:48:08.888990 node.go:93: node 1 start running
[INFO] 2021/04/01 13:48:08.889810 http.go:47: http server starting on :8070
[INFO] 2021/04/01 13:48:08.893227 node.go:93: node 3 start running
[INFO] 2021/04/01 13:48:08.893313 http.go:47: http server starting on :8072
[INFO] 2021/04/01 13:48:08.893906 node.go:93: node 4 start running
[INFO] 2021/04/01 13:48:08.894030 http.go:47: http server starting on :8073
[INFO] 2021/04/01 13:48:08.894351 node.go:93: node 2 start running
[INFO] 2021/04/01 13:48:08.894423 http.go:47: http server starting on :8071
[DEBUG] 2021/04/01 13:48:11.943093 replica.go:276: [2] is boosting
[DEBUG] 2021/04/01 13:48:11.943555 replica.go:276: [4] is boosting
[DEBUG] 2021/04/01 13:48:11.943608 replica.go:171: [4] is going to kick off the protocol
[DEBUG] 2021/04/01 13:48:11.943660 replica.go:276: [3] is boosting
[DEBUG] 2021/04/01 13:48:11.943821 replica.go:250: [4] the last view lasts 0 milliseconds, current view: 1
[DEBUG] 2021/04/01 13:48:11.943866 replica.go:203: [4] is processing new view: 1, leader is 4
[DEBUG] 2021/04/01 13:48:11.945659 replica.go:276: [1] is boosting
[DEBUG] 2021/04/01 13:48:11.947668 hotstuff.go:55: [4] is processing block from 4, view: 1, id: f072363db5fdfde24575bbccfa9f680f6f676301b53e2bb5af7832a43af1c1e9
[DEBUG] 2021/04/01 13:48:11.947728 hotstuff.go:226: [4] is processing a QC, block id: 0000000000000000000000000000000000000000000000000000000000000000
[DEBUG] 2021/04/01 13:48:11.947894 hotstuff.go:107: [4] vote is sent to itself, id: f072363db5fdfde24575bbccfa9f680f6f676301b53e2bb5af7832a43af1c1e9
[DEBUG] 2021/04/01 13:48:11.947935 hotstuff.go:122: [4] is processing the vote, block id: f072363db5fdfde24575bbccfa9f680f6f676301b53e2bb5af7832a43af1c1e9
[DEBUG] 2021/04/01 13:48:11.947962 hotstuff.go:136: [4] not sufficient votes to build a QC, block id: f072363db5fdfde24575bbccfa9f680f6f676301b53e2bb5af7832a43af1c1e9
[DEBUG] 2021/04/01 13:48:11.947747 replica.go:125: [2] received a block from 4, view is 1, id: f072363db5fdfde24575bbccfa9f680f6f676301b53e2bb5af7832a43af1c1e9, prevID: 0000000000000000000000000000000000000000000000000000000000000000
