[INFO] 2021/04/01 13:47:19.796912 server.go:21: node 4 starting...
[INFO] 2021/04/01 13:47:19.796912 server.go:21: node 2 starting...
[DEBUG] 2021/04/01 13:47:19.797248 transport.go:129: start listening 3738
[INFO] 2021/04/01 13:47:19.796933 server.go:21: node 1 starting...
[INFO] 2021/04/01 13:47:19.796973 server.go:21: node 3 starting...
[DEBUG] 2021/04/01 13:47:19.797423 transport.go:129: start listening 3736
[DEBUG] 2021/04/01 13:47:19.797449 transport.go:129: start listening 3735
[DEBUG] 2021/04/01 13:47:19.797467 transport.go:129: start listening 3737
[INFO] 2021/04/01 13:47:19.798895 node.go:93: node 2 start running
[INFO] 2021/04/01 13:47:19.799206 http.go:47: http server starting on :8071
[INFO] 2021/04/01 13:47:19.800910 node.go:93: node 3 start running
[INFO] 2021/04/01 13:47:19.800910 node.go:93: node 1 start running
[INFO] 2021/04/01 13:47:19.800932 node.go:93: node 4 start running
[INFO] 2021/04/01 13:47:19.801078 http.go:47: http server starting on :8070
[INFO] 2021/04/01 13:47:19.801108 http.go:47: http server starting on :8073
[INFO] 2021/04/01 13:47:19.800986 http.go:47: http server starting on :8072
[DEBUG] 2021/04/01 13:47:21.903835 replica.go:276: [4] is boosting
[DEBUG] 2021/04/01 13:47:21.903913 replica.go:171: [4] is going to kick off the protocol
[DEBUG] 2021/04/01 13:47:21.903855 replica.go:276: [1] is boosting
[DEBUG] 2021/04/01 13:47:21.904082 replica.go:276: [3] is boosting
[DEBUG] 2021/04/01 13:47:21.904175 replica.go:250: [4] the last view lasts 0 milliseconds, current view: 1
[DEBUG] 2021/04/01 13:47:21.904214 replica.go:203: [4] is processing new view: 1, leader is 4
[DEBUG] 2021/04/01 13:47:21.904513 replica.go:276: [2] is boosting
[DEBUG] 2021/04/01 13:47:21.906487 hotstuff.go:55: [4] is processing block from 4, view: 1, id: 1e370e7b319dfad4b0aec4b438cbed87c02cf3ff9f70d10f9a3032c24e150bfb
[DEBUG] 2021/04/01 13:47:21.906549 hotstuff.go:226: [4] is processing a QC, block id: 0000000000000000000000000000000000000000000000000000000000000000
[DEBUG] 2021/04/01 13:47:21.906730 replica.go:125: [1] received a block from 4, view is 1, id: 1e370e7b319dfad4b0aec4b438cbed87c02cf3ff9f70d10f9a3032c24e150bfb, prevID: 0000000000000000000000000000000000000000000000000000000000000000
