[INFO] 2021/04/01 13:47:42.722536 server.go:21: node 1 starting...
[INFO] 2021/04/01 13:47:42.722533 server.go:21: node 4 starting...
[INFO] 2021/04/01 13:47:42.722576 server.go:21: node 2 starting...
[INFO] 2021/04/01 13:47:42.722610 server.go:21: node 3 starting...
[DEBUG] 2021/04/01 13:47:42.723004 transport.go:129: start listening 3735
[DEBUG] 2021/04/01 13:47:42.723123 transport.go:129: start listening 3738
[DEBUG] 2021/04/01 13:47:42.723070 transport.go:129: start listening 3736
[DEBUG] 2021/04/01 13:47:42.723204 transport.go:129: start listening 3737
[INFO] 2021/04/01 13:47:42.725329 node.go:93: node 4 start running
[INFO] 2021/04/01 13:47:42.725428 http.go:47: http server starting on :8073
[INFO] 2021/04/01 13:47:42.725655 node.go:93: node 1 start running
[INFO] 2021/04/01 13:47:42.725765 http.go:47: http server starting on :8070
[INFO] 2021/04/01 13:47:42.726856 node.go:93: node 2 start running
[INFO] 2021/04/01 13:47:42.726920 http.go:47: http server starting on :8071
[INFO] 2021/04/01 13:47:42.727014 node.go:93: node 3 start running
[INFO] 2021/04/01 13:47:42.727078 http.go:47: http server starting on :8072
[DEBUG] 2021/04/01 13:47:43.905248 replica.go:276: [2] is boosting
[DEBUG] 2021/04/01 13:47:43.905527 replica.go:276: [4] is boosting
[DEBUG] 2021/04/01 13:47:43.905626 replica.go:171: [4] is going to kick off the protocol
[DEBUG] 2021/04/01 13:47:43.905662 replica.go:276: [3] is boosting
[DEBUG] 2021/04/01 13:47:43.905586 replica.go:276: [1] is boosting
[DEBUG] 2021/04/01 13:47:43.905819 replica.go:250: [4] the last view lasts 0 milliseconds, current view: 1
[DEBUG] 2021/04/01 13:47:43.905857 replica.go:203: [4] is processing new view: 1, leader is 4
[DEBUG] 2021/04/01 13:47:43.908209 hotstuff.go:55: [4] is processing block from 4, view: 1, id: 1e370e7b319dfad4b0aec4b438cbed87c02cf3ff9f70d10f9a3032c24e150bfb
[DEBUG] 2021/04/01 13:47:43.908277 hotstuff.go:226: [4] is processing a QC, block id: 0000000000000000000000000000000000000000000000000000000000000000
[DEBUG] 2021/04/01 13:47:43.908358 replica.go:125: [1] received a block from 4, view is 1, id: 1e370e7b319dfad4b0aec4b438cbed87c02cf3ff9f70d10f9a3032c24e150bfb, prevID: 0000000000000000000000000000000000000000000000000000000000000000
